[2022-07-27 14:18:10,826] {processor.py:162} INFO - Started process (PID=59) to work on /home/airflow/.local/lib/python3.6/site-packages/airflow/example_dags/example_latest_only_with_trigger.py
[2022-07-27 14:18:10,827] {processor.py:613} INFO - Processing file /home/airflow/.local/lib/python3.6/site-packages/airflow/example_dags/example_latest_only_with_trigger.py for tasks to queue
[2022-07-27 14:18:10,827] {logging_mixin.py:109} INFO - [2022-07-27 14:18:10,827] {dagbag.py:496} INFO - Filling up the DagBag from /home/airflow/.local/lib/python3.6/site-packages/airflow/example_dags/example_latest_only_with_trigger.py
[2022-07-27 14:18:10,838] {processor.py:623} INFO - DAG(s) dict_keys(['latest_only_with_trigger']) retrieved from /home/airflow/.local/lib/python3.6/site-packages/airflow/example_dags/example_latest_only_with_trigger.py
[2022-07-27 14:18:10,861] {logging_mixin.py:109} INFO - [2022-07-27 14:18:10,861] {dag.py:1833} INFO - Sync 1 DAGs
[2022-07-27 14:18:10,872] {logging_mixin.py:109} INFO - [2022-07-27 14:18:10,872] {dag.py:2306} INFO - Setting next_dagrun for latest_only_with_trigger to 2022-07-25 00:00:00+00:00
[2022-07-27 14:18:10,881] {processor.py:170} INFO - Processing /home/airflow/.local/lib/python3.6/site-packages/airflow/example_dags/example_latest_only_with_trigger.py took 0.057 seconds
[2022-07-27 14:18:41,009] {processor.py:162} INFO - Started process (PID=121) to work on /home/airflow/.local/lib/python3.6/site-packages/airflow/example_dags/example_latest_only_with_trigger.py
[2022-07-27 14:18:41,010] {processor.py:613} INFO - Processing file /home/airflow/.local/lib/python3.6/site-packages/airflow/example_dags/example_latest_only_with_trigger.py for tasks to queue
[2022-07-27 14:18:41,011] {logging_mixin.py:109} INFO - [2022-07-27 14:18:41,010] {dagbag.py:496} INFO - Filling up the DagBag from /home/airflow/.local/lib/python3.6/site-packages/airflow/example_dags/example_latest_only_with_trigger.py
[2022-07-27 14:18:41,021] {processor.py:623} INFO - DAG(s) dict_keys(['latest_only_with_trigger']) retrieved from /home/airflow/.local/lib/python3.6/site-packages/airflow/example_dags/example_latest_only_with_trigger.py
[2022-07-27 14:18:41,036] {logging_mixin.py:109} INFO - [2022-07-27 14:18:41,036] {dag.py:1833} INFO - Sync 1 DAGs
[2022-07-27 14:18:41,046] {logging_mixin.py:109} INFO - [2022-07-27 14:18:41,046] {dag.py:2306} INFO - Setting next_dagrun for latest_only_with_trigger to 2022-07-25 00:00:00+00:00
[2022-07-27 14:18:41,053] {processor.py:170} INFO - Processing /home/airflow/.local/lib/python3.6/site-packages/airflow/example_dags/example_latest_only_with_trigger.py took 0.046 seconds
[2022-07-27 14:19:11,243] {processor.py:162} INFO - Started process (PID=173) to work on /home/airflow/.local/lib/python3.6/site-packages/airflow/example_dags/example_latest_only_with_trigger.py
[2022-07-27 14:19:11,243] {processor.py:613} INFO - Processing file /home/airflow/.local/lib/python3.6/site-packages/airflow/example_dags/example_latest_only_with_trigger.py for tasks to queue
[2022-07-27 14:19:11,244] {logging_mixin.py:109} INFO - [2022-07-27 14:19:11,244] {dagbag.py:496} INFO - Filling up the DagBag from /home/airflow/.local/lib/python3.6/site-packages/airflow/example_dags/example_latest_only_with_trigger.py
[2022-07-27 14:19:11,251] {processor.py:623} INFO - DAG(s) dict_keys(['latest_only_with_trigger']) retrieved from /home/airflow/.local/lib/python3.6/site-packages/airflow/example_dags/example_latest_only_with_trigger.py
[2022-07-27 14:19:11,266] {logging_mixin.py:109} INFO - [2022-07-27 14:19:11,266] {dag.py:1833} INFO - Sync 1 DAGs
[2022-07-27 14:19:11,279] {logging_mixin.py:109} INFO - [2022-07-27 14:19:11,278] {dag.py:2306} INFO - Setting next_dagrun for latest_only_with_trigger to 2022-07-25 00:00:00+00:00
[2022-07-27 14:19:11,287] {processor.py:170} INFO - Processing /home/airflow/.local/lib/python3.6/site-packages/airflow/example_dags/example_latest_only_with_trigger.py took 0.046 seconds
[2022-07-27 14:19:41,429] {processor.py:162} INFO - Started process (PID=235) to work on /home/airflow/.local/lib/python3.6/site-packages/airflow/example_dags/example_latest_only_with_trigger.py
[2022-07-27 14:19:41,430] {processor.py:613} INFO - Processing file /home/airflow/.local/lib/python3.6/site-packages/airflow/example_dags/example_latest_only_with_trigger.py for tasks to queue
[2022-07-27 14:19:41,430] {logging_mixin.py:109} INFO - [2022-07-27 14:19:41,430] {dagbag.py:496} INFO - Filling up the DagBag from /home/airflow/.local/lib/python3.6/site-packages/airflow/example_dags/example_latest_only_with_trigger.py
[2022-07-27 14:19:41,437] {processor.py:623} INFO - DAG(s) dict_keys(['latest_only_with_trigger']) retrieved from /home/airflow/.local/lib/python3.6/site-packages/airflow/example_dags/example_latest_only_with_trigger.py
[2022-07-27 14:19:41,451] {logging_mixin.py:109} INFO - [2022-07-27 14:19:41,451] {dag.py:1833} INFO - Sync 1 DAGs
[2022-07-27 14:19:41,461] {logging_mixin.py:109} INFO - [2022-07-27 14:19:41,461] {dag.py:2306} INFO - Setting next_dagrun for latest_only_with_trigger to 2022-07-25 00:00:00+00:00
[2022-07-27 14:19:41,467] {processor.py:170} INFO - Processing /home/airflow/.local/lib/python3.6/site-packages/airflow/example_dags/example_latest_only_with_trigger.py took 0.040 seconds
