[2022-07-27 14:18:10,437] {processor.py:162} INFO - Started process (PID=49) to work on /home/airflow/.local/lib/python3.6/site-packages/airflow/example_dags/example_latest_only.py
[2022-07-27 14:18:10,438] {processor.py:613} INFO - Processing file /home/airflow/.local/lib/python3.6/site-packages/airflow/example_dags/example_latest_only.py for tasks to queue
[2022-07-27 14:18:10,438] {logging_mixin.py:109} INFO - [2022-07-27 14:18:10,438] {dagbag.py:496} INFO - Filling up the DagBag from /home/airflow/.local/lib/python3.6/site-packages/airflow/example_dags/example_latest_only.py
[2022-07-27 14:18:10,447] {processor.py:623} INFO - DAG(s) dict_keys(['latest_only']) retrieved from /home/airflow/.local/lib/python3.6/site-packages/airflow/example_dags/example_latest_only.py
[2022-07-27 14:18:10,516] {logging_mixin.py:109} INFO - [2022-07-27 14:18:10,516] {dag.py:1833} INFO - Sync 1 DAGs
[2022-07-27 14:18:10,530] {logging_mixin.py:109} INFO - [2022-07-27 14:18:10,530] {dag.py:2306} INFO - Setting next_dagrun for latest_only to 2022-07-25 00:00:00+00:00
[2022-07-27 14:18:10,539] {processor.py:170} INFO - Processing /home/airflow/.local/lib/python3.6/site-packages/airflow/example_dags/example_latest_only.py took 0.104 seconds
[2022-07-27 14:18:40,635] {processor.py:162} INFO - Started process (PID=111) to work on /home/airflow/.local/lib/python3.6/site-packages/airflow/example_dags/example_latest_only.py
[2022-07-27 14:18:40,635] {processor.py:613} INFO - Processing file /home/airflow/.local/lib/python3.6/site-packages/airflow/example_dags/example_latest_only.py for tasks to queue
[2022-07-27 14:18:40,635] {logging_mixin.py:109} INFO - [2022-07-27 14:18:40,635] {dagbag.py:496} INFO - Filling up the DagBag from /home/airflow/.local/lib/python3.6/site-packages/airflow/example_dags/example_latest_only.py
[2022-07-27 14:18:40,642] {processor.py:623} INFO - DAG(s) dict_keys(['latest_only']) retrieved from /home/airflow/.local/lib/python3.6/site-packages/airflow/example_dags/example_latest_only.py
[2022-07-27 14:18:40,656] {logging_mixin.py:109} INFO - [2022-07-27 14:18:40,656] {dag.py:1833} INFO - Sync 1 DAGs
[2022-07-27 14:18:40,668] {logging_mixin.py:109} INFO - [2022-07-27 14:18:40,667] {dag.py:2306} INFO - Setting next_dagrun for latest_only to 2022-07-25 00:00:00+00:00
[2022-07-27 14:18:40,674] {processor.py:170} INFO - Processing /home/airflow/.local/lib/python3.6/site-packages/airflow/example_dags/example_latest_only.py took 0.041 seconds
[2022-07-27 14:19:10,770] {processor.py:162} INFO - Started process (PID=163) to work on /home/airflow/.local/lib/python3.6/site-packages/airflow/example_dags/example_latest_only.py
[2022-07-27 14:19:10,771] {processor.py:613} INFO - Processing file /home/airflow/.local/lib/python3.6/site-packages/airflow/example_dags/example_latest_only.py for tasks to queue
[2022-07-27 14:19:10,771] {logging_mixin.py:109} INFO - [2022-07-27 14:19:10,771] {dagbag.py:496} INFO - Filling up the DagBag from /home/airflow/.local/lib/python3.6/site-packages/airflow/example_dags/example_latest_only.py
[2022-07-27 14:19:10,777] {processor.py:623} INFO - DAG(s) dict_keys(['latest_only']) retrieved from /home/airflow/.local/lib/python3.6/site-packages/airflow/example_dags/example_latest_only.py
[2022-07-27 14:19:10,793] {logging_mixin.py:109} INFO - [2022-07-27 14:19:10,793] {dag.py:1833} INFO - Sync 1 DAGs
[2022-07-27 14:19:10,803] {logging_mixin.py:109} INFO - [2022-07-27 14:19:10,803] {dag.py:2306} INFO - Setting next_dagrun for latest_only to 2022-07-25 00:00:00+00:00
[2022-07-27 14:19:10,810] {processor.py:170} INFO - Processing /home/airflow/.local/lib/python3.6/site-packages/airflow/example_dags/example_latest_only.py took 0.042 seconds
[2022-07-27 14:19:40,877] {processor.py:162} INFO - Started process (PID=224) to work on /home/airflow/.local/lib/python3.6/site-packages/airflow/example_dags/example_latest_only.py
[2022-07-27 14:19:40,877] {processor.py:613} INFO - Processing file /home/airflow/.local/lib/python3.6/site-packages/airflow/example_dags/example_latest_only.py for tasks to queue
[2022-07-27 14:19:40,878] {logging_mixin.py:109} INFO - [2022-07-27 14:19:40,878] {dagbag.py:496} INFO - Filling up the DagBag from /home/airflow/.local/lib/python3.6/site-packages/airflow/example_dags/example_latest_only.py
[2022-07-27 14:19:40,884] {processor.py:623} INFO - DAG(s) dict_keys(['latest_only']) retrieved from /home/airflow/.local/lib/python3.6/site-packages/airflow/example_dags/example_latest_only.py
[2022-07-27 14:19:40,897] {logging_mixin.py:109} INFO - [2022-07-27 14:19:40,897] {dag.py:1833} INFO - Sync 1 DAGs
[2022-07-27 14:19:40,906] {logging_mixin.py:109} INFO - [2022-07-27 14:19:40,906] {dag.py:2306} INFO - Setting next_dagrun for latest_only to 2022-07-25 00:00:00+00:00
[2022-07-27 14:19:40,914] {processor.py:170} INFO - Processing /home/airflow/.local/lib/python3.6/site-packages/airflow/example_dags/example_latest_only.py took 0.039 seconds
