[2022-07-27 14:18:10,714] {processor.py:162} INFO - Started process (PID=56) to work on /home/airflow/.local/lib/python3.6/site-packages/airflow/example_dags/example_task_group_decorator.py
[2022-07-27 14:18:10,714] {processor.py:613} INFO - Processing file /home/airflow/.local/lib/python3.6/site-packages/airflow/example_dags/example_task_group_decorator.py for tasks to queue
[2022-07-27 14:18:10,715] {logging_mixin.py:109} INFO - [2022-07-27 14:18:10,715] {dagbag.py:496} INFO - Filling up the DagBag from /home/airflow/.local/lib/python3.6/site-packages/airflow/example_dags/example_task_group_decorator.py
[2022-07-27 14:18:10,735] {processor.py:623} INFO - DAG(s) dict_keys(['example_task_group_decorator']) retrieved from /home/airflow/.local/lib/python3.6/site-packages/airflow/example_dags/example_task_group_decorator.py
[2022-07-27 14:18:10,746] {logging_mixin.py:109} INFO - [2022-07-27 14:18:10,746] {dag.py:1833} INFO - Sync 1 DAGs
[2022-07-27 14:18:10,756] {logging_mixin.py:109} INFO - [2022-07-27 14:18:10,756] {dag.py:2306} INFO - Setting next_dagrun for example_task_group_decorator to 2022-07-25 00:00:00+00:00
[2022-07-27 14:18:10,765] {processor.py:170} INFO - Processing /home/airflow/.local/lib/python3.6/site-packages/airflow/example_dags/example_task_group_decorator.py took 0.053 seconds
[2022-07-27 14:18:40,880] {processor.py:162} INFO - Started process (PID=118) to work on /home/airflow/.local/lib/python3.6/site-packages/airflow/example_dags/example_task_group_decorator.py
[2022-07-27 14:18:40,881] {processor.py:613} INFO - Processing file /home/airflow/.local/lib/python3.6/site-packages/airflow/example_dags/example_task_group_decorator.py for tasks to queue
[2022-07-27 14:18:40,881] {logging_mixin.py:109} INFO - [2022-07-27 14:18:40,881] {dagbag.py:496} INFO - Filling up the DagBag from /home/airflow/.local/lib/python3.6/site-packages/airflow/example_dags/example_task_group_decorator.py
[2022-07-27 14:18:40,897] {processor.py:623} INFO - DAG(s) dict_keys(['example_task_group_decorator']) retrieved from /home/airflow/.local/lib/python3.6/site-packages/airflow/example_dags/example_task_group_decorator.py
[2022-07-27 14:18:41,040] {logging_mixin.py:109} INFO - [2022-07-27 14:18:41,040] {dag.py:1833} INFO - Sync 1 DAGs
[2022-07-27 14:18:41,049] {logging_mixin.py:109} INFO - [2022-07-27 14:18:41,049] {dag.py:2306} INFO - Setting next_dagrun for example_task_group_decorator to 2022-07-25 00:00:00+00:00
[2022-07-27 14:18:41,057] {processor.py:170} INFO - Processing /home/airflow/.local/lib/python3.6/site-packages/airflow/example_dags/example_task_group_decorator.py took 0.179 seconds
[2022-07-27 14:19:11,098] {processor.py:162} INFO - Started process (PID=170) to work on /home/airflow/.local/lib/python3.6/site-packages/airflow/example_dags/example_task_group_decorator.py
[2022-07-27 14:19:11,099] {processor.py:613} INFO - Processing file /home/airflow/.local/lib/python3.6/site-packages/airflow/example_dags/example_task_group_decorator.py for tasks to queue
[2022-07-27 14:19:11,100] {logging_mixin.py:109} INFO - [2022-07-27 14:19:11,100] {dagbag.py:496} INFO - Filling up the DagBag from /home/airflow/.local/lib/python3.6/site-packages/airflow/example_dags/example_task_group_decorator.py
[2022-07-27 14:19:11,118] {processor.py:623} INFO - DAG(s) dict_keys(['example_task_group_decorator']) retrieved from /home/airflow/.local/lib/python3.6/site-packages/airflow/example_dags/example_task_group_decorator.py
[2022-07-27 14:19:11,288] {logging_mixin.py:109} INFO - [2022-07-27 14:19:11,288] {dag.py:1833} INFO - Sync 1 DAGs
[2022-07-27 14:19:11,298] {logging_mixin.py:109} INFO - [2022-07-27 14:19:11,298] {dag.py:2306} INFO - Setting next_dagrun for example_task_group_decorator to 2022-07-25 00:00:00+00:00
[2022-07-27 14:19:11,306] {processor.py:170} INFO - Processing /home/airflow/.local/lib/python3.6/site-packages/airflow/example_dags/example_task_group_decorator.py took 0.210 seconds
[2022-07-27 14:19:41,331] {processor.py:162} INFO - Started process (PID=232) to work on /home/airflow/.local/lib/python3.6/site-packages/airflow/example_dags/example_task_group_decorator.py
[2022-07-27 14:19:41,331] {processor.py:613} INFO - Processing file /home/airflow/.local/lib/python3.6/site-packages/airflow/example_dags/example_task_group_decorator.py for tasks to queue
[2022-07-27 14:19:41,332] {logging_mixin.py:109} INFO - [2022-07-27 14:19:41,332] {dagbag.py:496} INFO - Filling up the DagBag from /home/airflow/.local/lib/python3.6/site-packages/airflow/example_dags/example_task_group_decorator.py
[2022-07-27 14:19:41,347] {processor.py:623} INFO - DAG(s) dict_keys(['example_task_group_decorator']) retrieved from /home/airflow/.local/lib/python3.6/site-packages/airflow/example_dags/example_task_group_decorator.py
[2022-07-27 14:19:41,484] {logging_mixin.py:109} INFO - [2022-07-27 14:19:41,483] {dag.py:1833} INFO - Sync 1 DAGs
[2022-07-27 14:19:41,492] {logging_mixin.py:109} INFO - [2022-07-27 14:19:41,492] {dag.py:2306} INFO - Setting next_dagrun for example_task_group_decorator to 2022-07-25 00:00:00+00:00
[2022-07-27 14:19:41,500] {processor.py:170} INFO - Processing /home/airflow/.local/lib/python3.6/site-packages/airflow/example_dags/example_task_group_decorator.py took 0.171 seconds
