[2022-07-27 14:18:10,078] {processor.py:162} INFO - Started process (PID=40) to work on /home/airflow/.local/lib/python3.6/site-packages/airflow/example_dags/example_task_group.py
[2022-07-27 14:18:10,078] {processor.py:613} INFO - Processing file /home/airflow/.local/lib/python3.6/site-packages/airflow/example_dags/example_task_group.py for tasks to queue
[2022-07-27 14:18:10,078] {logging_mixin.py:109} INFO - [2022-07-27 14:18:10,078] {dagbag.py:496} INFO - Filling up the DagBag from /home/airflow/.local/lib/python3.6/site-packages/airflow/example_dags/example_task_group.py
[2022-07-27 14:18:10,089] {processor.py:623} INFO - DAG(s) dict_keys(['example_task_group']) retrieved from /home/airflow/.local/lib/python3.6/site-packages/airflow/example_dags/example_task_group.py
[2022-07-27 14:18:10,105] {logging_mixin.py:109} INFO - [2022-07-27 14:18:10,105] {dag.py:1833} INFO - Sync 1 DAGs
[2022-07-27 14:18:10,117] {logging_mixin.py:109} INFO - [2022-07-27 14:18:10,117] {dag.py:2306} INFO - Setting next_dagrun for example_task_group to 2022-07-25 00:00:00+00:00
[2022-07-27 14:18:10,124] {processor.py:170} INFO - Processing /home/airflow/.local/lib/python3.6/site-packages/airflow/example_dags/example_task_group.py took 0.048 seconds
[2022-07-27 14:18:40,254] {processor.py:162} INFO - Started process (PID=102) to work on /home/airflow/.local/lib/python3.6/site-packages/airflow/example_dags/example_task_group.py
[2022-07-27 14:18:40,255] {processor.py:613} INFO - Processing file /home/airflow/.local/lib/python3.6/site-packages/airflow/example_dags/example_task_group.py for tasks to queue
[2022-07-27 14:18:40,255] {logging_mixin.py:109} INFO - [2022-07-27 14:18:40,255] {dagbag.py:496} INFO - Filling up the DagBag from /home/airflow/.local/lib/python3.6/site-packages/airflow/example_dags/example_task_group.py
[2022-07-27 14:18:40,265] {processor.py:623} INFO - DAG(s) dict_keys(['example_task_group']) retrieved from /home/airflow/.local/lib/python3.6/site-packages/airflow/example_dags/example_task_group.py
[2022-07-27 14:18:40,283] {logging_mixin.py:109} INFO - [2022-07-27 14:18:40,283] {dag.py:1833} INFO - Sync 1 DAGs
[2022-07-27 14:18:40,295] {logging_mixin.py:109} INFO - [2022-07-27 14:18:40,295] {dag.py:2306} INFO - Setting next_dagrun for example_task_group to 2022-07-25 00:00:00+00:00
[2022-07-27 14:18:40,303] {processor.py:170} INFO - Processing /home/airflow/.local/lib/python3.6/site-packages/airflow/example_dags/example_task_group.py took 0.051 seconds
[2022-07-27 14:19:10,436] {processor.py:162} INFO - Started process (PID=153) to work on /home/airflow/.local/lib/python3.6/site-packages/airflow/example_dags/example_task_group.py
[2022-07-27 14:19:10,437] {processor.py:613} INFO - Processing file /home/airflow/.local/lib/python3.6/site-packages/airflow/example_dags/example_task_group.py for tasks to queue
[2022-07-27 14:19:10,437] {logging_mixin.py:109} INFO - [2022-07-27 14:19:10,437] {dagbag.py:496} INFO - Filling up the DagBag from /home/airflow/.local/lib/python3.6/site-packages/airflow/example_dags/example_task_group.py
[2022-07-27 14:19:10,446] {processor.py:623} INFO - DAG(s) dict_keys(['example_task_group']) retrieved from /home/airflow/.local/lib/python3.6/site-packages/airflow/example_dags/example_task_group.py
[2022-07-27 14:19:10,462] {logging_mixin.py:109} INFO - [2022-07-27 14:19:10,462] {dag.py:1833} INFO - Sync 1 DAGs
[2022-07-27 14:19:10,472] {logging_mixin.py:109} INFO - [2022-07-27 14:19:10,472] {dag.py:2306} INFO - Setting next_dagrun for example_task_group to 2022-07-25 00:00:00+00:00
[2022-07-27 14:19:10,481] {processor.py:170} INFO - Processing /home/airflow/.local/lib/python3.6/site-packages/airflow/example_dags/example_task_group.py took 0.046 seconds
[2022-07-27 14:19:40,613] {processor.py:162} INFO - Started process (PID=215) to work on /home/airflow/.local/lib/python3.6/site-packages/airflow/example_dags/example_task_group.py
[2022-07-27 14:19:40,613] {processor.py:613} INFO - Processing file /home/airflow/.local/lib/python3.6/site-packages/airflow/example_dags/example_task_group.py for tasks to queue
[2022-07-27 14:19:40,614] {logging_mixin.py:109} INFO - [2022-07-27 14:19:40,614] {dagbag.py:496} INFO - Filling up the DagBag from /home/airflow/.local/lib/python3.6/site-packages/airflow/example_dags/example_task_group.py
[2022-07-27 14:19:40,622] {processor.py:623} INFO - DAG(s) dict_keys(['example_task_group']) retrieved from /home/airflow/.local/lib/python3.6/site-packages/airflow/example_dags/example_task_group.py
[2022-07-27 14:19:40,635] {logging_mixin.py:109} INFO - [2022-07-27 14:19:40,635] {dag.py:1833} INFO - Sync 1 DAGs
[2022-07-27 14:19:40,645] {logging_mixin.py:109} INFO - [2022-07-27 14:19:40,644] {dag.py:2306} INFO - Setting next_dagrun for example_task_group to 2022-07-25 00:00:00+00:00
[2022-07-27 14:19:40,650] {processor.py:170} INFO - Processing /home/airflow/.local/lib/python3.6/site-packages/airflow/example_dags/example_task_group.py took 0.039 seconds
