[2022-07-27 14:17:52,881] {processor.py:162} INFO - Started process (PID=240) to work on /home/airflow/.local/lib/python3.6/site-packages/airflow/example_dags/example_external_task_marker_dag.py
[2022-07-27 14:17:52,882] {processor.py:613} INFO - Processing file /home/airflow/.local/lib/python3.6/site-packages/airflow/example_dags/example_external_task_marker_dag.py for tasks to queue
[2022-07-27 14:17:52,882] {logging_mixin.py:109} INFO - [2022-07-27 14:17:52,882] {dagbag.py:496} INFO - Filling up the DagBag from /home/airflow/.local/lib/python3.6/site-packages/airflow/example_dags/example_external_task_marker_dag.py
[2022-07-27 14:17:52,889] {processor.py:623} INFO - DAG(s) dict_keys(['example_external_task_marker_parent', 'example_external_task_marker_child']) retrieved from /home/airflow/.local/lib/python3.6/site-packages/airflow/example_dags/example_external_task_marker_dag.py
[2022-07-27 14:17:52,905] {logging_mixin.py:109} INFO - [2022-07-27 14:17:52,905] {dag.py:1833} INFO - Sync 2 DAGs
[2022-07-27 14:17:52,915] {logging_mixin.py:109} INFO - [2022-07-27 14:17:52,914] {dag.py:2306} INFO - Setting next_dagrun for example_external_task_marker_child to None
[2022-07-27 14:17:52,915] {logging_mixin.py:109} INFO - [2022-07-27 14:17:52,915] {dag.py:2306} INFO - Setting next_dagrun for example_external_task_marker_parent to None
[2022-07-27 14:17:52,922] {processor.py:170} INFO - Processing /home/airflow/.local/lib/python3.6/site-packages/airflow/example_dags/example_external_task_marker_dag.py took 0.043 seconds
[2022-07-27 14:18:10,944] {processor.py:162} INFO - Started process (PID=62) to work on /home/airflow/.local/lib/python3.6/site-packages/airflow/example_dags/example_external_task_marker_dag.py
[2022-07-27 14:18:10,945] {processor.py:613} INFO - Processing file /home/airflow/.local/lib/python3.6/site-packages/airflow/example_dags/example_external_task_marker_dag.py for tasks to queue
[2022-07-27 14:18:10,945] {logging_mixin.py:109} INFO - [2022-07-27 14:18:10,945] {dagbag.py:496} INFO - Filling up the DagBag from /home/airflow/.local/lib/python3.6/site-packages/airflow/example_dags/example_external_task_marker_dag.py
[2022-07-27 14:18:10,954] {processor.py:623} INFO - DAG(s) dict_keys(['example_external_task_marker_parent', 'example_external_task_marker_child']) retrieved from /home/airflow/.local/lib/python3.6/site-packages/airflow/example_dags/example_external_task_marker_dag.py
[2022-07-27 14:18:10,974] {logging_mixin.py:109} INFO - [2022-07-27 14:18:10,974] {dag.py:1833} INFO - Sync 2 DAGs
[2022-07-27 14:18:10,986] {logging_mixin.py:109} INFO - [2022-07-27 14:18:10,986] {dag.py:2306} INFO - Setting next_dagrun for example_external_task_marker_child to None
[2022-07-27 14:18:10,987] {logging_mixin.py:109} INFO - [2022-07-27 14:18:10,987] {dag.py:2306} INFO - Setting next_dagrun for example_external_task_marker_parent to None
[2022-07-27 14:18:10,994] {processor.py:170} INFO - Processing /home/airflow/.local/lib/python3.6/site-packages/airflow/example_dags/example_external_task_marker_dag.py took 0.052 seconds
[2022-07-27 14:18:41,112] {processor.py:162} INFO - Started process (PID=124) to work on /home/airflow/.local/lib/python3.6/site-packages/airflow/example_dags/example_external_task_marker_dag.py
[2022-07-27 14:18:41,112] {processor.py:613} INFO - Processing file /home/airflow/.local/lib/python3.6/site-packages/airflow/example_dags/example_external_task_marker_dag.py for tasks to queue
[2022-07-27 14:18:41,113] {logging_mixin.py:109} INFO - [2022-07-27 14:18:41,113] {dagbag.py:496} INFO - Filling up the DagBag from /home/airflow/.local/lib/python3.6/site-packages/airflow/example_dags/example_external_task_marker_dag.py
[2022-07-27 14:18:41,120] {processor.py:623} INFO - DAG(s) dict_keys(['example_external_task_marker_parent', 'example_external_task_marker_child']) retrieved from /home/airflow/.local/lib/python3.6/site-packages/airflow/example_dags/example_external_task_marker_dag.py
[2022-07-27 14:18:41,137] {logging_mixin.py:109} INFO - [2022-07-27 14:18:41,137] {dag.py:1833} INFO - Sync 2 DAGs
[2022-07-27 14:18:41,148] {logging_mixin.py:109} INFO - [2022-07-27 14:18:41,148] {dag.py:2306} INFO - Setting next_dagrun for example_external_task_marker_child to None
[2022-07-27 14:18:41,149] {logging_mixin.py:109} INFO - [2022-07-27 14:18:41,149] {dag.py:2306} INFO - Setting next_dagrun for example_external_task_marker_parent to None
[2022-07-27 14:18:41,158] {processor.py:170} INFO - Processing /home/airflow/.local/lib/python3.6/site-packages/airflow/example_dags/example_external_task_marker_dag.py took 0.047 seconds
[2022-07-27 14:19:11,351] {processor.py:162} INFO - Started process (PID=176) to work on /home/airflow/.local/lib/python3.6/site-packages/airflow/example_dags/example_external_task_marker_dag.py
[2022-07-27 14:19:11,352] {processor.py:613} INFO - Processing file /home/airflow/.local/lib/python3.6/site-packages/airflow/example_dags/example_external_task_marker_dag.py for tasks to queue
[2022-07-27 14:19:11,352] {logging_mixin.py:109} INFO - [2022-07-27 14:19:11,352] {dagbag.py:496} INFO - Filling up the DagBag from /home/airflow/.local/lib/python3.6/site-packages/airflow/example_dags/example_external_task_marker_dag.py
[2022-07-27 14:19:11,361] {processor.py:623} INFO - DAG(s) dict_keys(['example_external_task_marker_parent', 'example_external_task_marker_child']) retrieved from /home/airflow/.local/lib/python3.6/site-packages/airflow/example_dags/example_external_task_marker_dag.py
[2022-07-27 14:19:11,379] {logging_mixin.py:109} INFO - [2022-07-27 14:19:11,379] {dag.py:1833} INFO - Sync 2 DAGs
[2022-07-27 14:19:11,391] {logging_mixin.py:109} INFO - [2022-07-27 14:19:11,391] {dag.py:2306} INFO - Setting next_dagrun for example_external_task_marker_child to None
[2022-07-27 14:19:11,392] {logging_mixin.py:109} INFO - [2022-07-27 14:19:11,392] {dag.py:2306} INFO - Setting next_dagrun for example_external_task_marker_parent to None
[2022-07-27 14:19:11,402] {processor.py:170} INFO - Processing /home/airflow/.local/lib/python3.6/site-packages/airflow/example_dags/example_external_task_marker_dag.py took 0.053 seconds
[2022-07-27 14:19:41,519] {processor.py:162} INFO - Started process (PID=238) to work on /home/airflow/.local/lib/python3.6/site-packages/airflow/example_dags/example_external_task_marker_dag.py
[2022-07-27 14:19:41,520] {processor.py:613} INFO - Processing file /home/airflow/.local/lib/python3.6/site-packages/airflow/example_dags/example_external_task_marker_dag.py for tasks to queue
[2022-07-27 14:19:41,520] {logging_mixin.py:109} INFO - [2022-07-27 14:19:41,520] {dagbag.py:496} INFO - Filling up the DagBag from /home/airflow/.local/lib/python3.6/site-packages/airflow/example_dags/example_external_task_marker_dag.py
[2022-07-27 14:19:41,527] {processor.py:623} INFO - DAG(s) dict_keys(['example_external_task_marker_parent', 'example_external_task_marker_child']) retrieved from /home/airflow/.local/lib/python3.6/site-packages/airflow/example_dags/example_external_task_marker_dag.py
[2022-07-27 14:19:41,542] {logging_mixin.py:109} INFO - [2022-07-27 14:19:41,542] {dag.py:1833} INFO - Sync 2 DAGs
[2022-07-27 14:19:41,551] {logging_mixin.py:109} INFO - [2022-07-27 14:19:41,551] {dag.py:2306} INFO - Setting next_dagrun for example_external_task_marker_child to None
[2022-07-27 14:19:41,552] {logging_mixin.py:109} INFO - [2022-07-27 14:19:41,552] {dag.py:2306} INFO - Setting next_dagrun for example_external_task_marker_parent to None
[2022-07-27 14:19:41,558] {processor.py:170} INFO - Processing /home/airflow/.local/lib/python3.6/site-packages/airflow/example_dags/example_external_task_marker_dag.py took 0.040 seconds
