[2022-07-27 14:18:10,443] {processor.py:162} INFO - Started process (PID=50) to work on /home/airflow/.local/lib/python3.6/site-packages/airflow/example_dags/example_python_operator.py
[2022-07-27 14:18:10,443] {processor.py:613} INFO - Processing file /home/airflow/.local/lib/python3.6/site-packages/airflow/example_dags/example_python_operator.py for tasks to queue
[2022-07-27 14:18:10,444] {logging_mixin.py:109} INFO - [2022-07-27 14:18:10,443] {dagbag.py:496} INFO - Filling up the DagBag from /home/airflow/.local/lib/python3.6/site-packages/airflow/example_dags/example_python_operator.py
[2022-07-27 14:18:10,454] {processor.py:623} INFO - DAG(s) dict_keys(['example_python_operator']) retrieved from /home/airflow/.local/lib/python3.6/site-packages/airflow/example_dags/example_python_operator.py
[2022-07-27 14:18:10,517] {logging_mixin.py:109} INFO - [2022-07-27 14:18:10,517] {dag.py:1833} INFO - Sync 1 DAGs
[2022-07-27 14:18:10,530] {logging_mixin.py:109} INFO - [2022-07-27 14:18:10,530] {dag.py:2306} INFO - Setting next_dagrun for example_python_operator to None
[2022-07-27 14:18:10,540] {processor.py:170} INFO - Processing /home/airflow/.local/lib/python3.6/site-packages/airflow/example_dags/example_python_operator.py took 0.100 seconds
[2022-07-27 14:18:40,679] {processor.py:162} INFO - Started process (PID=112) to work on /home/airflow/.local/lib/python3.6/site-packages/airflow/example_dags/example_python_operator.py
[2022-07-27 14:18:40,680] {processor.py:613} INFO - Processing file /home/airflow/.local/lib/python3.6/site-packages/airflow/example_dags/example_python_operator.py for tasks to queue
[2022-07-27 14:18:40,680] {logging_mixin.py:109} INFO - [2022-07-27 14:18:40,680] {dagbag.py:496} INFO - Filling up the DagBag from /home/airflow/.local/lib/python3.6/site-packages/airflow/example_dags/example_python_operator.py
[2022-07-27 14:18:40,689] {processor.py:623} INFO - DAG(s) dict_keys(['example_python_operator']) retrieved from /home/airflow/.local/lib/python3.6/site-packages/airflow/example_dags/example_python_operator.py
[2022-07-27 14:18:40,704] {logging_mixin.py:109} INFO - [2022-07-27 14:18:40,704] {dag.py:1833} INFO - Sync 1 DAGs
[2022-07-27 14:18:40,714] {logging_mixin.py:109} INFO - [2022-07-27 14:18:40,714] {dag.py:2306} INFO - Setting next_dagrun for example_python_operator to None
[2022-07-27 14:18:40,721] {processor.py:170} INFO - Processing /home/airflow/.local/lib/python3.6/site-packages/airflow/example_dags/example_python_operator.py took 0.043 seconds
[2022-07-27 14:19:10,820] {processor.py:162} INFO - Started process (PID=164) to work on /home/airflow/.local/lib/python3.6/site-packages/airflow/example_dags/example_python_operator.py
[2022-07-27 14:19:10,821] {processor.py:613} INFO - Processing file /home/airflow/.local/lib/python3.6/site-packages/airflow/example_dags/example_python_operator.py for tasks to queue
[2022-07-27 14:19:10,822] {logging_mixin.py:109} INFO - [2022-07-27 14:19:10,822] {dagbag.py:496} INFO - Filling up the DagBag from /home/airflow/.local/lib/python3.6/site-packages/airflow/example_dags/example_python_operator.py
[2022-07-27 14:19:10,833] {processor.py:623} INFO - DAG(s) dict_keys(['example_python_operator']) retrieved from /home/airflow/.local/lib/python3.6/site-packages/airflow/example_dags/example_python_operator.py
[2022-07-27 14:19:10,848] {logging_mixin.py:109} INFO - [2022-07-27 14:19:10,848] {dag.py:1833} INFO - Sync 1 DAGs
[2022-07-27 14:19:10,858] {logging_mixin.py:109} INFO - [2022-07-27 14:19:10,858] {dag.py:2306} INFO - Setting next_dagrun for example_python_operator to None
[2022-07-27 14:19:10,866] {processor.py:170} INFO - Processing /home/airflow/.local/lib/python3.6/site-packages/airflow/example_dags/example_python_operator.py took 0.048 seconds
[2022-07-27 14:19:40,888] {processor.py:162} INFO - Started process (PID=225) to work on /home/airflow/.local/lib/python3.6/site-packages/airflow/example_dags/example_python_operator.py
[2022-07-27 14:19:40,889] {processor.py:613} INFO - Processing file /home/airflow/.local/lib/python3.6/site-packages/airflow/example_dags/example_python_operator.py for tasks to queue
[2022-07-27 14:19:40,889] {logging_mixin.py:109} INFO - [2022-07-27 14:19:40,889] {dagbag.py:496} INFO - Filling up the DagBag from /home/airflow/.local/lib/python3.6/site-packages/airflow/example_dags/example_python_operator.py
[2022-07-27 14:19:40,896] {processor.py:623} INFO - DAG(s) dict_keys(['example_python_operator']) retrieved from /home/airflow/.local/lib/python3.6/site-packages/airflow/example_dags/example_python_operator.py
[2022-07-27 14:19:40,909] {logging_mixin.py:109} INFO - [2022-07-27 14:19:40,909] {dag.py:1833} INFO - Sync 1 DAGs
[2022-07-27 14:19:40,919] {logging_mixin.py:109} INFO - [2022-07-27 14:19:40,919] {dag.py:2306} INFO - Setting next_dagrun for example_python_operator to None
[2022-07-27 14:19:40,925] {processor.py:170} INFO - Processing /home/airflow/.local/lib/python3.6/site-packages/airflow/example_dags/example_python_operator.py took 0.038 seconds
