[2022-07-27 14:18:09,960] {processor.py:162} INFO - Started process (PID=36) to work on /home/airflow/.local/lib/python3.6/site-packages/airflow/example_dags/example_xcom.py
[2022-07-27 14:18:09,960] {processor.py:613} INFO - Processing file /home/airflow/.local/lib/python3.6/site-packages/airflow/example_dags/example_xcom.py for tasks to queue
[2022-07-27 14:18:09,960] {logging_mixin.py:109} INFO - [2022-07-27 14:18:09,960] {dagbag.py:496} INFO - Filling up the DagBag from /home/airflow/.local/lib/python3.6/site-packages/airflow/example_dags/example_xcom.py
[2022-07-27 14:18:09,967] {processor.py:623} INFO - DAG(s) dict_keys(['example_xcom']) retrieved from /home/airflow/.local/lib/python3.6/site-packages/airflow/example_dags/example_xcom.py
[2022-07-27 14:18:09,984] {logging_mixin.py:109} INFO - [2022-07-27 14:18:09,984] {dag.py:1833} INFO - Sync 1 DAGs
[2022-07-27 14:18:09,995] {logging_mixin.py:109} INFO - [2022-07-27 14:18:09,995] {dag.py:2306} INFO - Setting next_dagrun for example_xcom to 2022-07-25 00:00:00+00:00
[2022-07-27 14:18:10,004] {processor.py:170} INFO - Processing /home/airflow/.local/lib/python3.6/site-packages/airflow/example_dags/example_xcom.py took 0.046 seconds
[2022-07-27 14:18:40,160] {processor.py:162} INFO - Started process (PID=98) to work on /home/airflow/.local/lib/python3.6/site-packages/airflow/example_dags/example_xcom.py
[2022-07-27 14:18:40,161] {processor.py:613} INFO - Processing file /home/airflow/.local/lib/python3.6/site-packages/airflow/example_dags/example_xcom.py for tasks to queue
[2022-07-27 14:18:40,161] {logging_mixin.py:109} INFO - [2022-07-27 14:18:40,161] {dagbag.py:496} INFO - Filling up the DagBag from /home/airflow/.local/lib/python3.6/site-packages/airflow/example_dags/example_xcom.py
[2022-07-27 14:18:40,167] {processor.py:623} INFO - DAG(s) dict_keys(['example_xcom']) retrieved from /home/airflow/.local/lib/python3.6/site-packages/airflow/example_dags/example_xcom.py
[2022-07-27 14:18:40,181] {logging_mixin.py:109} INFO - [2022-07-27 14:18:40,180] {dag.py:1833} INFO - Sync 1 DAGs
[2022-07-27 14:18:40,190] {logging_mixin.py:109} INFO - [2022-07-27 14:18:40,190] {dag.py:2306} INFO - Setting next_dagrun for example_xcom to 2022-07-25 00:00:00+00:00
[2022-07-27 14:18:40,198] {processor.py:170} INFO - Processing /home/airflow/.local/lib/python3.6/site-packages/airflow/example_dags/example_xcom.py took 0.039 seconds
[2022-07-27 14:19:10,332] {processor.py:162} INFO - Started process (PID=150) to work on /home/airflow/.local/lib/python3.6/site-packages/airflow/example_dags/example_xcom.py
[2022-07-27 14:19:10,334] {processor.py:613} INFO - Processing file /home/airflow/.local/lib/python3.6/site-packages/airflow/example_dags/example_xcom.py for tasks to queue
[2022-07-27 14:19:10,334] {logging_mixin.py:109} INFO - [2022-07-27 14:19:10,334] {dagbag.py:496} INFO - Filling up the DagBag from /home/airflow/.local/lib/python3.6/site-packages/airflow/example_dags/example_xcom.py
[2022-07-27 14:19:10,343] {processor.py:623} INFO - DAG(s) dict_keys(['example_xcom']) retrieved from /home/airflow/.local/lib/python3.6/site-packages/airflow/example_dags/example_xcom.py
[2022-07-27 14:19:10,360] {logging_mixin.py:109} INFO - [2022-07-27 14:19:10,360] {dag.py:1833} INFO - Sync 1 DAGs
[2022-07-27 14:19:10,375] {logging_mixin.py:109} INFO - [2022-07-27 14:19:10,375] {dag.py:2306} INFO - Setting next_dagrun for example_xcom to 2022-07-25 00:00:00+00:00
[2022-07-27 14:19:10,384] {processor.py:170} INFO - Processing /home/airflow/.local/lib/python3.6/site-packages/airflow/example_dags/example_xcom.py took 0.054 seconds
[2022-07-27 14:19:40,532] {processor.py:162} INFO - Started process (PID=212) to work on /home/airflow/.local/lib/python3.6/site-packages/airflow/example_dags/example_xcom.py
[2022-07-27 14:19:40,532] {processor.py:613} INFO - Processing file /home/airflow/.local/lib/python3.6/site-packages/airflow/example_dags/example_xcom.py for tasks to queue
[2022-07-27 14:19:40,533] {logging_mixin.py:109} INFO - [2022-07-27 14:19:40,533] {dagbag.py:496} INFO - Filling up the DagBag from /home/airflow/.local/lib/python3.6/site-packages/airflow/example_dags/example_xcom.py
[2022-07-27 14:19:40,539] {processor.py:623} INFO - DAG(s) dict_keys(['example_xcom']) retrieved from /home/airflow/.local/lib/python3.6/site-packages/airflow/example_dags/example_xcom.py
[2022-07-27 14:19:40,552] {logging_mixin.py:109} INFO - [2022-07-27 14:19:40,552] {dag.py:1833} INFO - Sync 1 DAGs
[2022-07-27 14:19:40,561] {logging_mixin.py:109} INFO - [2022-07-27 14:19:40,561] {dag.py:2306} INFO - Setting next_dagrun for example_xcom to 2022-07-25 00:00:00+00:00
[2022-07-27 14:19:40,569] {processor.py:170} INFO - Processing /home/airflow/.local/lib/python3.6/site-packages/airflow/example_dags/example_xcom.py took 0.038 seconds
