[2022-07-27 14:18:10,891] {processor.py:162} INFO - Started process (PID=60) to work on /home/airflow/.local/lib/python3.6/site-packages/airflow/example_dags/example_trigger_target_dag.py
[2022-07-27 14:18:10,892] {processor.py:613} INFO - Processing file /home/airflow/.local/lib/python3.6/site-packages/airflow/example_dags/example_trigger_target_dag.py for tasks to queue
[2022-07-27 14:18:10,893] {logging_mixin.py:109} INFO - [2022-07-27 14:18:10,892] {dagbag.py:496} INFO - Filling up the DagBag from /home/airflow/.local/lib/python3.6/site-packages/airflow/example_dags/example_trigger_target_dag.py
[2022-07-27 14:18:10,903] {processor.py:623} INFO - DAG(s) dict_keys(['example_trigger_target_dag']) retrieved from /home/airflow/.local/lib/python3.6/site-packages/airflow/example_dags/example_trigger_target_dag.py
[2022-07-27 14:18:10,918] {logging_mixin.py:109} INFO - [2022-07-27 14:18:10,918] {dag.py:1833} INFO - Sync 1 DAGs
[2022-07-27 14:18:10,928] {logging_mixin.py:109} INFO - [2022-07-27 14:18:10,928] {dag.py:2306} INFO - Setting next_dagrun for example_trigger_target_dag to None
[2022-07-27 14:18:10,936] {processor.py:170} INFO - Processing /home/airflow/.local/lib/python3.6/site-packages/airflow/example_dags/example_trigger_target_dag.py took 0.047 seconds
[2022-07-27 14:18:41,061] {processor.py:162} INFO - Started process (PID=122) to work on /home/airflow/.local/lib/python3.6/site-packages/airflow/example_dags/example_trigger_target_dag.py
[2022-07-27 14:18:41,062] {processor.py:613} INFO - Processing file /home/airflow/.local/lib/python3.6/site-packages/airflow/example_dags/example_trigger_target_dag.py for tasks to queue
[2022-07-27 14:18:41,062] {logging_mixin.py:109} INFO - [2022-07-27 14:18:41,062] {dagbag.py:496} INFO - Filling up the DagBag from /home/airflow/.local/lib/python3.6/site-packages/airflow/example_dags/example_trigger_target_dag.py
[2022-07-27 14:18:41,071] {processor.py:623} INFO - DAG(s) dict_keys(['example_trigger_target_dag']) retrieved from /home/airflow/.local/lib/python3.6/site-packages/airflow/example_dags/example_trigger_target_dag.py
[2022-07-27 14:18:41,086] {logging_mixin.py:109} INFO - [2022-07-27 14:18:41,086] {dag.py:1833} INFO - Sync 1 DAGs
[2022-07-27 14:18:41,097] {logging_mixin.py:109} INFO - [2022-07-27 14:18:41,096] {dag.py:2306} INFO - Setting next_dagrun for example_trigger_target_dag to None
[2022-07-27 14:18:41,103] {processor.py:170} INFO - Processing /home/airflow/.local/lib/python3.6/site-packages/airflow/example_dags/example_trigger_target_dag.py took 0.044 seconds
[2022-07-27 14:19:11,296] {processor.py:162} INFO - Started process (PID=174) to work on /home/airflow/.local/lib/python3.6/site-packages/airflow/example_dags/example_trigger_target_dag.py
[2022-07-27 14:19:11,297] {processor.py:613} INFO - Processing file /home/airflow/.local/lib/python3.6/site-packages/airflow/example_dags/example_trigger_target_dag.py for tasks to queue
[2022-07-27 14:19:11,297] {logging_mixin.py:109} INFO - [2022-07-27 14:19:11,297] {dagbag.py:496} INFO - Filling up the DagBag from /home/airflow/.local/lib/python3.6/site-packages/airflow/example_dags/example_trigger_target_dag.py
[2022-07-27 14:19:11,305] {processor.py:623} INFO - DAG(s) dict_keys(['example_trigger_target_dag']) retrieved from /home/airflow/.local/lib/python3.6/site-packages/airflow/example_dags/example_trigger_target_dag.py
[2022-07-27 14:19:11,322] {logging_mixin.py:109} INFO - [2022-07-27 14:19:11,321] {dag.py:1833} INFO - Sync 1 DAGs
[2022-07-27 14:19:11,334] {logging_mixin.py:109} INFO - [2022-07-27 14:19:11,333] {dag.py:2306} INFO - Setting next_dagrun for example_trigger_target_dag to None
[2022-07-27 14:19:11,342] {processor.py:170} INFO - Processing /home/airflow/.local/lib/python3.6/site-packages/airflow/example_dags/example_trigger_target_dag.py took 0.048 seconds
[2022-07-27 14:19:41,476] {processor.py:162} INFO - Started process (PID=236) to work on /home/airflow/.local/lib/python3.6/site-packages/airflow/example_dags/example_trigger_target_dag.py
[2022-07-27 14:19:41,476] {processor.py:613} INFO - Processing file /home/airflow/.local/lib/python3.6/site-packages/airflow/example_dags/example_trigger_target_dag.py for tasks to queue
[2022-07-27 14:19:41,476] {logging_mixin.py:109} INFO - [2022-07-27 14:19:41,476] {dagbag.py:496} INFO - Filling up the DagBag from /home/airflow/.local/lib/python3.6/site-packages/airflow/example_dags/example_trigger_target_dag.py
[2022-07-27 14:19:41,484] {processor.py:623} INFO - DAG(s) dict_keys(['example_trigger_target_dag']) retrieved from /home/airflow/.local/lib/python3.6/site-packages/airflow/example_dags/example_trigger_target_dag.py
[2022-07-27 14:19:41,497] {logging_mixin.py:109} INFO - [2022-07-27 14:19:41,497] {dag.py:1833} INFO - Sync 1 DAGs
[2022-07-27 14:19:41,506] {logging_mixin.py:109} INFO - [2022-07-27 14:19:41,506] {dag.py:2306} INFO - Setting next_dagrun for example_trigger_target_dag to None
[2022-07-27 14:19:41,512] {processor.py:170} INFO - Processing /home/airflow/.local/lib/python3.6/site-packages/airflow/example_dags/example_trigger_target_dag.py took 0.038 seconds
