[2022-07-27 14:18:09,948] {processor.py:162} INFO - Started process (PID=35) to work on /home/airflow/.local/lib/python3.6/site-packages/airflow/example_dags/example_short_circuit_operator.py
[2022-07-27 14:18:09,949] {processor.py:613} INFO - Processing file /home/airflow/.local/lib/python3.6/site-packages/airflow/example_dags/example_short_circuit_operator.py for tasks to queue
[2022-07-27 14:18:09,949] {logging_mixin.py:109} INFO - [2022-07-27 14:18:09,949] {dagbag.py:496} INFO - Filling up the DagBag from /home/airflow/.local/lib/python3.6/site-packages/airflow/example_dags/example_short_circuit_operator.py
[2022-07-27 14:18:09,960] {processor.py:623} INFO - DAG(s) dict_keys(['example_short_circuit_operator']) retrieved from /home/airflow/.local/lib/python3.6/site-packages/airflow/example_dags/example_short_circuit_operator.py
[2022-07-27 14:18:09,975] {logging_mixin.py:109} INFO - [2022-07-27 14:18:09,975] {dag.py:1833} INFO - Sync 1 DAGs
[2022-07-27 14:18:09,986] {logging_mixin.py:109} INFO - [2022-07-27 14:18:09,986] {dag.py:2306} INFO - Setting next_dagrun for example_short_circuit_operator to 2022-07-25 00:00:00+00:00
[2022-07-27 14:18:09,995] {processor.py:170} INFO - Processing /home/airflow/.local/lib/python3.6/site-packages/airflow/example_dags/example_short_circuit_operator.py took 0.048 seconds
[2022-07-27 14:18:40,149] {processor.py:162} INFO - Started process (PID=97) to work on /home/airflow/.local/lib/python3.6/site-packages/airflow/example_dags/example_short_circuit_operator.py
[2022-07-27 14:18:40,150] {processor.py:613} INFO - Processing file /home/airflow/.local/lib/python3.6/site-packages/airflow/example_dags/example_short_circuit_operator.py for tasks to queue
[2022-07-27 14:18:40,150] {logging_mixin.py:109} INFO - [2022-07-27 14:18:40,150] {dagbag.py:496} INFO - Filling up the DagBag from /home/airflow/.local/lib/python3.6/site-packages/airflow/example_dags/example_short_circuit_operator.py
[2022-07-27 14:18:40,159] {processor.py:623} INFO - DAG(s) dict_keys(['example_short_circuit_operator']) retrieved from /home/airflow/.local/lib/python3.6/site-packages/airflow/example_dags/example_short_circuit_operator.py
[2022-07-27 14:18:40,173] {logging_mixin.py:109} INFO - [2022-07-27 14:18:40,172] {dag.py:1833} INFO - Sync 1 DAGs
[2022-07-27 14:18:40,181] {logging_mixin.py:109} INFO - [2022-07-27 14:18:40,181] {dag.py:2306} INFO - Setting next_dagrun for example_short_circuit_operator to 2022-07-25 00:00:00+00:00
[2022-07-27 14:18:40,188] {processor.py:170} INFO - Processing /home/airflow/.local/lib/python3.6/site-packages/airflow/example_dags/example_short_circuit_operator.py took 0.040 seconds
[2022-07-27 14:19:10,316] {processor.py:162} INFO - Started process (PID=149) to work on /home/airflow/.local/lib/python3.6/site-packages/airflow/example_dags/example_short_circuit_operator.py
[2022-07-27 14:19:10,317] {processor.py:613} INFO - Processing file /home/airflow/.local/lib/python3.6/site-packages/airflow/example_dags/example_short_circuit_operator.py for tasks to queue
[2022-07-27 14:19:10,318] {logging_mixin.py:109} INFO - [2022-07-27 14:19:10,318] {dagbag.py:496} INFO - Filling up the DagBag from /home/airflow/.local/lib/python3.6/site-packages/airflow/example_dags/example_short_circuit_operator.py
[2022-07-27 14:19:10,327] {processor.py:623} INFO - DAG(s) dict_keys(['example_short_circuit_operator']) retrieved from /home/airflow/.local/lib/python3.6/site-packages/airflow/example_dags/example_short_circuit_operator.py
[2022-07-27 14:19:10,344] {logging_mixin.py:109} INFO - [2022-07-27 14:19:10,344] {dag.py:1833} INFO - Sync 1 DAGs
[2022-07-27 14:19:10,356] {logging_mixin.py:109} INFO - [2022-07-27 14:19:10,356] {dag.py:2306} INFO - Setting next_dagrun for example_short_circuit_operator to 2022-07-25 00:00:00+00:00
[2022-07-27 14:19:10,366] {processor.py:170} INFO - Processing /home/airflow/.local/lib/python3.6/site-packages/airflow/example_dags/example_short_circuit_operator.py took 0.052 seconds
[2022-07-27 14:19:40,523] {processor.py:162} INFO - Started process (PID=211) to work on /home/airflow/.local/lib/python3.6/site-packages/airflow/example_dags/example_short_circuit_operator.py
[2022-07-27 14:19:40,523] {processor.py:613} INFO - Processing file /home/airflow/.local/lib/python3.6/site-packages/airflow/example_dags/example_short_circuit_operator.py for tasks to queue
[2022-07-27 14:19:40,523] {logging_mixin.py:109} INFO - [2022-07-27 14:19:40,523] {dagbag.py:496} INFO - Filling up the DagBag from /home/airflow/.local/lib/python3.6/site-packages/airflow/example_dags/example_short_circuit_operator.py
[2022-07-27 14:19:40,531] {processor.py:623} INFO - DAG(s) dict_keys(['example_short_circuit_operator']) retrieved from /home/airflow/.local/lib/python3.6/site-packages/airflow/example_dags/example_short_circuit_operator.py
[2022-07-27 14:19:40,544] {logging_mixin.py:109} INFO - [2022-07-27 14:19:40,544] {dag.py:1833} INFO - Sync 1 DAGs
[2022-07-27 14:19:40,553] {logging_mixin.py:109} INFO - [2022-07-27 14:19:40,553] {dag.py:2306} INFO - Setting next_dagrun for example_short_circuit_operator to 2022-07-25 00:00:00+00:00
[2022-07-27 14:19:40,560] {processor.py:170} INFO - Processing /home/airflow/.local/lib/python3.6/site-packages/airflow/example_dags/example_short_circuit_operator.py took 0.039 seconds
