[2022-07-27 14:18:10,600] {processor.py:162} INFO - Started process (PID=53) to work on /home/airflow/.local/lib/python3.6/site-packages/airflow/example_dags/example_nested_branch_dag.py
[2022-07-27 14:18:10,601] {processor.py:613} INFO - Processing file /home/airflow/.local/lib/python3.6/site-packages/airflow/example_dags/example_nested_branch_dag.py for tasks to queue
[2022-07-27 14:18:10,601] {logging_mixin.py:109} INFO - [2022-07-27 14:18:10,601] {dagbag.py:496} INFO - Filling up the DagBag from /home/airflow/.local/lib/python3.6/site-packages/airflow/example_dags/example_nested_branch_dag.py
[2022-07-27 14:18:10,611] {processor.py:623} INFO - DAG(s) dict_keys(['example_nested_branch_dag']) retrieved from /home/airflow/.local/lib/python3.6/site-packages/airflow/example_dags/example_nested_branch_dag.py
[2022-07-27 14:18:10,627] {logging_mixin.py:109} INFO - [2022-07-27 14:18:10,627] {dag.py:1833} INFO - Sync 1 DAGs
[2022-07-27 14:18:10,640] {logging_mixin.py:109} INFO - [2022-07-27 14:18:10,640] {dag.py:2306} INFO - Setting next_dagrun for example_nested_branch_dag to 2022-07-25 00:00:00+00:00
[2022-07-27 14:18:10,649] {processor.py:170} INFO - Processing /home/airflow/.local/lib/python3.6/site-packages/airflow/example_dags/example_nested_branch_dag.py took 0.051 seconds
[2022-07-27 14:18:40,782] {processor.py:162} INFO - Started process (PID=115) to work on /home/airflow/.local/lib/python3.6/site-packages/airflow/example_dags/example_nested_branch_dag.py
[2022-07-27 14:18:40,782] {processor.py:613} INFO - Processing file /home/airflow/.local/lib/python3.6/site-packages/airflow/example_dags/example_nested_branch_dag.py for tasks to queue
[2022-07-27 14:18:40,783] {logging_mixin.py:109} INFO - [2022-07-27 14:18:40,783] {dagbag.py:496} INFO - Filling up the DagBag from /home/airflow/.local/lib/python3.6/site-packages/airflow/example_dags/example_nested_branch_dag.py
[2022-07-27 14:18:40,791] {processor.py:623} INFO - DAG(s) dict_keys(['example_nested_branch_dag']) retrieved from /home/airflow/.local/lib/python3.6/site-packages/airflow/example_dags/example_nested_branch_dag.py
[2022-07-27 14:18:40,805] {logging_mixin.py:109} INFO - [2022-07-27 14:18:40,805] {dag.py:1833} INFO - Sync 1 DAGs
[2022-07-27 14:18:40,816] {logging_mixin.py:109} INFO - [2022-07-27 14:18:40,816] {dag.py:2306} INFO - Setting next_dagrun for example_nested_branch_dag to 2022-07-25 00:00:00+00:00
[2022-07-27 14:18:40,822] {processor.py:170} INFO - Processing /home/airflow/.local/lib/python3.6/site-packages/airflow/example_dags/example_nested_branch_dag.py took 0.042 seconds
[2022-07-27 14:19:10,930] {processor.py:162} INFO - Started process (PID=167) to work on /home/airflow/.local/lib/python3.6/site-packages/airflow/example_dags/example_nested_branch_dag.py
[2022-07-27 14:19:10,931] {processor.py:613} INFO - Processing file /home/airflow/.local/lib/python3.6/site-packages/airflow/example_dags/example_nested_branch_dag.py for tasks to queue
[2022-07-27 14:19:10,931] {logging_mixin.py:109} INFO - [2022-07-27 14:19:10,931] {dagbag.py:496} INFO - Filling up the DagBag from /home/airflow/.local/lib/python3.6/site-packages/airflow/example_dags/example_nested_branch_dag.py
[2022-07-27 14:19:10,940] {processor.py:623} INFO - DAG(s) dict_keys(['example_nested_branch_dag']) retrieved from /home/airflow/.local/lib/python3.6/site-packages/airflow/example_dags/example_nested_branch_dag.py
[2022-07-27 14:19:10,958] {logging_mixin.py:109} INFO - [2022-07-27 14:19:10,958] {dag.py:1833} INFO - Sync 1 DAGs
[2022-07-27 14:19:10,970] {logging_mixin.py:109} INFO - [2022-07-27 14:19:10,970] {dag.py:2306} INFO - Setting next_dagrun for example_nested_branch_dag to 2022-07-25 00:00:00+00:00
[2022-07-27 14:19:10,978] {processor.py:170} INFO - Processing /home/airflow/.local/lib/python3.6/site-packages/airflow/example_dags/example_nested_branch_dag.py took 0.049 seconds
[2022-07-27 14:19:41,082] {processor.py:162} INFO - Started process (PID=228) to work on /home/airflow/.local/lib/python3.6/site-packages/airflow/example_dags/example_nested_branch_dag.py
[2022-07-27 14:19:41,083] {processor.py:613} INFO - Processing file /home/airflow/.local/lib/python3.6/site-packages/airflow/example_dags/example_nested_branch_dag.py for tasks to queue
[2022-07-27 14:19:41,083] {logging_mixin.py:109} INFO - [2022-07-27 14:19:41,083] {dagbag.py:496} INFO - Filling up the DagBag from /home/airflow/.local/lib/python3.6/site-packages/airflow/example_dags/example_nested_branch_dag.py
[2022-07-27 14:19:41,092] {processor.py:623} INFO - DAG(s) dict_keys(['example_nested_branch_dag']) retrieved from /home/airflow/.local/lib/python3.6/site-packages/airflow/example_dags/example_nested_branch_dag.py
[2022-07-27 14:19:41,105] {logging_mixin.py:109} INFO - [2022-07-27 14:19:41,105] {dag.py:1833} INFO - Sync 1 DAGs
[2022-07-27 14:19:41,116] {logging_mixin.py:109} INFO - [2022-07-27 14:19:41,116] {dag.py:2306} INFO - Setting next_dagrun for example_nested_branch_dag to 2022-07-25 00:00:00+00:00
[2022-07-27 14:19:41,123] {processor.py:170} INFO - Processing /home/airflow/.local/lib/python3.6/site-packages/airflow/example_dags/example_nested_branch_dag.py took 0.042 seconds
