[2022-07-27 14:18:10,016] {processor.py:162} INFO - Started process (PID=38) to work on /home/airflow/.local/lib/python3.6/site-packages/airflow/example_dags/example_branch_labels.py
[2022-07-27 14:18:10,018] {processor.py:613} INFO - Processing file /home/airflow/.local/lib/python3.6/site-packages/airflow/example_dags/example_branch_labels.py for tasks to queue
[2022-07-27 14:18:10,018] {logging_mixin.py:109} INFO - [2022-07-27 14:18:10,018] {dagbag.py:496} INFO - Filling up the DagBag from /home/airflow/.local/lib/python3.6/site-packages/airflow/example_dags/example_branch_labels.py
[2022-07-27 14:18:10,028] {processor.py:623} INFO - DAG(s) dict_keys(['example_branch_labels']) retrieved from /home/airflow/.local/lib/python3.6/site-packages/airflow/example_dags/example_branch_labels.py
[2022-07-27 14:18:10,046] {logging_mixin.py:109} INFO - [2022-07-27 14:18:10,046] {dag.py:1833} INFO - Sync 1 DAGs
[2022-07-27 14:18:10,063] {logging_mixin.py:109} INFO - [2022-07-27 14:18:10,063] {dag.py:2306} INFO - Setting next_dagrun for example_branch_labels to 2022-07-25 00:00:00+00:00
[2022-07-27 14:18:10,070] {processor.py:170} INFO - Processing /home/airflow/.local/lib/python3.6/site-packages/airflow/example_dags/example_branch_labels.py took 0.057 seconds
[2022-07-27 14:18:40,205] {processor.py:162} INFO - Started process (PID=100) to work on /home/airflow/.local/lib/python3.6/site-packages/airflow/example_dags/example_branch_labels.py
[2022-07-27 14:18:40,206] {processor.py:613} INFO - Processing file /home/airflow/.local/lib/python3.6/site-packages/airflow/example_dags/example_branch_labels.py for tasks to queue
[2022-07-27 14:18:40,206] {logging_mixin.py:109} INFO - [2022-07-27 14:18:40,206] {dagbag.py:496} INFO - Filling up the DagBag from /home/airflow/.local/lib/python3.6/site-packages/airflow/example_dags/example_branch_labels.py
[2022-07-27 14:18:40,213] {processor.py:623} INFO - DAG(s) dict_keys(['example_branch_labels']) retrieved from /home/airflow/.local/lib/python3.6/site-packages/airflow/example_dags/example_branch_labels.py
[2022-07-27 14:18:40,227] {logging_mixin.py:109} INFO - [2022-07-27 14:18:40,226] {dag.py:1833} INFO - Sync 1 DAGs
[2022-07-27 14:18:40,238] {logging_mixin.py:109} INFO - [2022-07-27 14:18:40,238] {dag.py:2306} INFO - Setting next_dagrun for example_branch_labels to 2022-07-25 00:00:00+00:00
[2022-07-27 14:18:40,245] {processor.py:170} INFO - Processing /home/airflow/.local/lib/python3.6/site-packages/airflow/example_dags/example_branch_labels.py took 0.041 seconds
[2022-07-27 14:19:10,394] {processor.py:162} INFO - Started process (PID=152) to work on /home/airflow/.local/lib/python3.6/site-packages/airflow/example_dags/example_branch_labels.py
[2022-07-27 14:19:10,395] {processor.py:613} INFO - Processing file /home/airflow/.local/lib/python3.6/site-packages/airflow/example_dags/example_branch_labels.py for tasks to queue
[2022-07-27 14:19:10,395] {logging_mixin.py:109} INFO - [2022-07-27 14:19:10,395] {dagbag.py:496} INFO - Filling up the DagBag from /home/airflow/.local/lib/python3.6/site-packages/airflow/example_dags/example_branch_labels.py
[2022-07-27 14:19:10,404] {processor.py:623} INFO - DAG(s) dict_keys(['example_branch_labels']) retrieved from /home/airflow/.local/lib/python3.6/site-packages/airflow/example_dags/example_branch_labels.py
[2022-07-27 14:19:10,420] {logging_mixin.py:109} INFO - [2022-07-27 14:19:10,420] {dag.py:1833} INFO - Sync 1 DAGs
[2022-07-27 14:19:10,435] {logging_mixin.py:109} INFO - [2022-07-27 14:19:10,435] {dag.py:2306} INFO - Setting next_dagrun for example_branch_labels to 2022-07-25 00:00:00+00:00
[2022-07-27 14:19:10,442] {processor.py:170} INFO - Processing /home/airflow/.local/lib/python3.6/site-packages/airflow/example_dags/example_branch_labels.py took 0.050 seconds
[2022-07-27 14:19:40,576] {processor.py:162} INFO - Started process (PID=214) to work on /home/airflow/.local/lib/python3.6/site-packages/airflow/example_dags/example_branch_labels.py
[2022-07-27 14:19:40,577] {processor.py:613} INFO - Processing file /home/airflow/.local/lib/python3.6/site-packages/airflow/example_dags/example_branch_labels.py for tasks to queue
[2022-07-27 14:19:40,577] {logging_mixin.py:109} INFO - [2022-07-27 14:19:40,577] {dagbag.py:496} INFO - Filling up the DagBag from /home/airflow/.local/lib/python3.6/site-packages/airflow/example_dags/example_branch_labels.py
[2022-07-27 14:19:40,584] {processor.py:623} INFO - DAG(s) dict_keys(['example_branch_labels']) retrieved from /home/airflow/.local/lib/python3.6/site-packages/airflow/example_dags/example_branch_labels.py
[2022-07-27 14:19:40,597] {logging_mixin.py:109} INFO - [2022-07-27 14:19:40,597] {dag.py:1833} INFO - Sync 1 DAGs
[2022-07-27 14:19:40,608] {logging_mixin.py:109} INFO - [2022-07-27 14:19:40,608] {dag.py:2306} INFO - Setting next_dagrun for example_branch_labels to 2022-07-25 00:00:00+00:00
[2022-07-27 14:19:40,615] {processor.py:170} INFO - Processing /home/airflow/.local/lib/python3.6/site-packages/airflow/example_dags/example_branch_labels.py took 0.040 seconds
