[2022-07-27 14:18:10,065] {processor.py:162} INFO - Started process (PID=39) to work on /home/airflow/.local/lib/python3.6/site-packages/airflow/example_dags/example_dag_decorator.py
[2022-07-27 14:18:10,066] {processor.py:613} INFO - Processing file /home/airflow/.local/lib/python3.6/site-packages/airflow/example_dags/example_dag_decorator.py for tasks to queue
[2022-07-27 14:18:10,066] {logging_mixin.py:109} INFO - [2022-07-27 14:18:10,066] {dagbag.py:496} INFO - Filling up the DagBag from /home/airflow/.local/lib/python3.6/site-packages/airflow/example_dags/example_dag_decorator.py
[2022-07-27 14:18:10,078] {processor.py:623} INFO - DAG(s) dict_keys(['example_dag_decorator']) retrieved from /home/airflow/.local/lib/python3.6/site-packages/airflow/example_dags/example_dag_decorator.py
[2022-07-27 14:18:10,088] {logging_mixin.py:109} INFO - [2022-07-27 14:18:10,088] {dag.py:1833} INFO - Sync 1 DAGs
[2022-07-27 14:18:10,101] {logging_mixin.py:109} INFO - [2022-07-27 14:18:10,101] {dag.py:2306} INFO - Setting next_dagrun for example_dag_decorator to None
[2022-07-27 14:18:10,109] {processor.py:170} INFO - Processing /home/airflow/.local/lib/python3.6/site-packages/airflow/example_dags/example_dag_decorator.py took 0.045 seconds
[2022-07-27 14:18:40,245] {processor.py:162} INFO - Started process (PID=101) to work on /home/airflow/.local/lib/python3.6/site-packages/airflow/example_dags/example_dag_decorator.py
[2022-07-27 14:18:40,246] {processor.py:613} INFO - Processing file /home/airflow/.local/lib/python3.6/site-packages/airflow/example_dags/example_dag_decorator.py for tasks to queue
[2022-07-27 14:18:40,246] {logging_mixin.py:109} INFO - [2022-07-27 14:18:40,246] {dagbag.py:496} INFO - Filling up the DagBag from /home/airflow/.local/lib/python3.6/site-packages/airflow/example_dags/example_dag_decorator.py
[2022-07-27 14:18:40,261] {processor.py:623} INFO - DAG(s) dict_keys(['example_dag_decorator']) retrieved from /home/airflow/.local/lib/python3.6/site-packages/airflow/example_dags/example_dag_decorator.py
[2022-07-27 14:18:40,431] {logging_mixin.py:109} INFO - [2022-07-27 14:18:40,431] {dag.py:1833} INFO - Sync 1 DAGs
[2022-07-27 14:18:40,441] {logging_mixin.py:109} INFO - [2022-07-27 14:18:40,441] {dag.py:2306} INFO - Setting next_dagrun for example_dag_decorator to None
[2022-07-27 14:18:40,450] {processor.py:170} INFO - Processing /home/airflow/.local/lib/python3.6/site-packages/airflow/example_dags/example_dag_decorator.py took 0.207 seconds
[2022-07-27 14:19:10,490] {processor.py:162} INFO - Started process (PID=155) to work on /home/airflow/.local/lib/python3.6/site-packages/airflow/example_dags/example_dag_decorator.py
[2022-07-27 14:19:10,491] {processor.py:613} INFO - Processing file /home/airflow/.local/lib/python3.6/site-packages/airflow/example_dags/example_dag_decorator.py for tasks to queue
[2022-07-27 14:19:10,491] {logging_mixin.py:109} INFO - [2022-07-27 14:19:10,491] {dagbag.py:496} INFO - Filling up the DagBag from /home/airflow/.local/lib/python3.6/site-packages/airflow/example_dags/example_dag_decorator.py
[2022-07-27 14:19:10,504] {processor.py:623} INFO - DAG(s) dict_keys(['example_dag_decorator']) retrieved from /home/airflow/.local/lib/python3.6/site-packages/airflow/example_dags/example_dag_decorator.py
[2022-07-27 14:19:10,647] {logging_mixin.py:109} INFO - [2022-07-27 14:19:10,647] {dag.py:1833} INFO - Sync 1 DAGs
[2022-07-27 14:19:10,656] {logging_mixin.py:109} INFO - [2022-07-27 14:19:10,656] {dag.py:2306} INFO - Setting next_dagrun for example_dag_decorator to None
[2022-07-27 14:19:10,664] {processor.py:170} INFO - Processing /home/airflow/.local/lib/python3.6/site-packages/airflow/example_dags/example_dag_decorator.py took 0.175 seconds
[2022-07-27 14:19:40,675] {processor.py:162} INFO - Started process (PID=218) to work on /home/airflow/.local/lib/python3.6/site-packages/airflow/example_dags/example_dag_decorator.py
[2022-07-27 14:19:40,676] {processor.py:613} INFO - Processing file /home/airflow/.local/lib/python3.6/site-packages/airflow/example_dags/example_dag_decorator.py for tasks to queue
[2022-07-27 14:19:40,676] {logging_mixin.py:109} INFO - [2022-07-27 14:19:40,676] {dagbag.py:496} INFO - Filling up the DagBag from /home/airflow/.local/lib/python3.6/site-packages/airflow/example_dags/example_dag_decorator.py
[2022-07-27 14:19:40,687] {processor.py:623} INFO - DAG(s) dict_keys(['example_dag_decorator']) retrieved from /home/airflow/.local/lib/python3.6/site-packages/airflow/example_dags/example_dag_decorator.py
[2022-07-27 14:19:40,819] {logging_mixin.py:109} INFO - [2022-07-27 14:19:40,819] {dag.py:1833} INFO - Sync 1 DAGs
[2022-07-27 14:19:40,827] {logging_mixin.py:109} INFO - [2022-07-27 14:19:40,827] {dag.py:2306} INFO - Setting next_dagrun for example_dag_decorator to None
[2022-07-27 14:19:40,835] {processor.py:170} INFO - Processing /home/airflow/.local/lib/python3.6/site-packages/airflow/example_dags/example_dag_decorator.py took 0.161 seconds
