[2022-07-27 14:17:52,898] {processor.py:162} INFO - Started process (PID=241) to work on /home/airflow/.local/lib/python3.6/site-packages/airflow/example_dags/example_xcomargs.py
[2022-07-27 14:17:52,899] {processor.py:613} INFO - Processing file /home/airflow/.local/lib/python3.6/site-packages/airflow/example_dags/example_xcomargs.py for tasks to queue
[2022-07-27 14:17:52,899] {logging_mixin.py:109} INFO - [2022-07-27 14:17:52,899] {dagbag.py:496} INFO - Filling up the DagBag from /home/airflow/.local/lib/python3.6/site-packages/airflow/example_dags/example_xcomargs.py
[2022-07-27 14:17:52,911] {processor.py:623} INFO - DAG(s) dict_keys(['example_xcom_args', 'example_xcom_args_with_operators']) retrieved from /home/airflow/.local/lib/python3.6/site-packages/airflow/example_dags/example_xcomargs.py
[2022-07-27 14:17:53,045] {logging_mixin.py:109} INFO - [2022-07-27 14:17:53,045] {dag.py:1833} INFO - Sync 2 DAGs
[2022-07-27 14:17:53,053] {logging_mixin.py:109} INFO - [2022-07-27 14:17:53,053] {dag.py:2306} INFO - Setting next_dagrun for example_xcom_args to None
[2022-07-27 14:17:53,054] {logging_mixin.py:109} INFO - [2022-07-27 14:17:53,054] {dag.py:2306} INFO - Setting next_dagrun for example_xcom_args_with_operators to None
[2022-07-27 14:17:53,062] {processor.py:170} INFO - Processing /home/airflow/.local/lib/python3.6/site-packages/airflow/example_dags/example_xcomargs.py took 0.166 seconds
[2022-07-27 14:18:10,963] {processor.py:162} INFO - Started process (PID=63) to work on /home/airflow/.local/lib/python3.6/site-packages/airflow/example_dags/example_xcomargs.py
[2022-07-27 14:18:10,964] {processor.py:613} INFO - Processing file /home/airflow/.local/lib/python3.6/site-packages/airflow/example_dags/example_xcomargs.py for tasks to queue
[2022-07-27 14:18:10,964] {logging_mixin.py:109} INFO - [2022-07-27 14:18:10,964] {dagbag.py:496} INFO - Filling up the DagBag from /home/airflow/.local/lib/python3.6/site-packages/airflow/example_dags/example_xcomargs.py
[2022-07-27 14:18:10,977] {processor.py:623} INFO - DAG(s) dict_keys(['example_xcom_args', 'example_xcom_args_with_operators']) retrieved from /home/airflow/.local/lib/python3.6/site-packages/airflow/example_dags/example_xcomargs.py
[2022-07-27 14:18:10,993] {logging_mixin.py:109} INFO - [2022-07-27 14:18:10,993] {dag.py:1833} INFO - Sync 2 DAGs
[2022-07-27 14:18:11,004] {logging_mixin.py:109} INFO - [2022-07-27 14:18:11,004] {dag.py:2306} INFO - Setting next_dagrun for example_xcom_args to None
[2022-07-27 14:18:11,004] {logging_mixin.py:109} INFO - [2022-07-27 14:18:11,004] {dag.py:2306} INFO - Setting next_dagrun for example_xcom_args_with_operators to None
[2022-07-27 14:18:11,013] {processor.py:170} INFO - Processing /home/airflow/.local/lib/python3.6/site-packages/airflow/example_dags/example_xcomargs.py took 0.052 seconds
[2022-07-27 14:18:41,133] {processor.py:162} INFO - Started process (PID=125) to work on /home/airflow/.local/lib/python3.6/site-packages/airflow/example_dags/example_xcomargs.py
[2022-07-27 14:18:41,133] {processor.py:613} INFO - Processing file /home/airflow/.local/lib/python3.6/site-packages/airflow/example_dags/example_xcomargs.py for tasks to queue
[2022-07-27 14:18:41,134] {logging_mixin.py:109} INFO - [2022-07-27 14:18:41,134] {dagbag.py:496} INFO - Filling up the DagBag from /home/airflow/.local/lib/python3.6/site-packages/airflow/example_dags/example_xcomargs.py
[2022-07-27 14:18:41,146] {processor.py:623} INFO - DAG(s) dict_keys(['example_xcom_args', 'example_xcom_args_with_operators']) retrieved from /home/airflow/.local/lib/python3.6/site-packages/airflow/example_dags/example_xcomargs.py
[2022-07-27 14:18:41,293] {logging_mixin.py:109} INFO - [2022-07-27 14:18:41,293] {dag.py:1833} INFO - Sync 2 DAGs
[2022-07-27 14:18:41,302] {logging_mixin.py:109} INFO - [2022-07-27 14:18:41,302] {dag.py:2306} INFO - Setting next_dagrun for example_xcom_args to None
[2022-07-27 14:18:41,303] {logging_mixin.py:109} INFO - [2022-07-27 14:18:41,303] {dag.py:2306} INFO - Setting next_dagrun for example_xcom_args_with_operators to None
[2022-07-27 14:18:41,310] {processor.py:170} INFO - Processing /home/airflow/.local/lib/python3.6/site-packages/airflow/example_dags/example_xcomargs.py took 0.179 seconds
[2022-07-27 14:19:11,406] {processor.py:162} INFO - Started process (PID=178) to work on /home/airflow/.local/lib/python3.6/site-packages/airflow/example_dags/example_xcomargs.py
[2022-07-27 14:19:11,407] {processor.py:613} INFO - Processing file /home/airflow/.local/lib/python3.6/site-packages/airflow/example_dags/example_xcomargs.py for tasks to queue
[2022-07-27 14:19:11,407] {logging_mixin.py:109} INFO - [2022-07-27 14:19:11,407] {dagbag.py:496} INFO - Filling up the DagBag from /home/airflow/.local/lib/python3.6/site-packages/airflow/example_dags/example_xcomargs.py
[2022-07-27 14:19:11,419] {processor.py:623} INFO - DAG(s) dict_keys(['example_xcom_args', 'example_xcom_args_with_operators']) retrieved from /home/airflow/.local/lib/python3.6/site-packages/airflow/example_dags/example_xcomargs.py
[2022-07-27 14:19:11,569] {logging_mixin.py:109} INFO - [2022-07-27 14:19:11,569] {dag.py:1833} INFO - Sync 2 DAGs
[2022-07-27 14:19:11,579] {logging_mixin.py:109} INFO - [2022-07-27 14:19:11,579] {dag.py:2306} INFO - Setting next_dagrun for example_xcom_args to None
[2022-07-27 14:19:11,579] {logging_mixin.py:109} INFO - [2022-07-27 14:19:11,579] {dag.py:2306} INFO - Setting next_dagrun for example_xcom_args_with_operators to None
[2022-07-27 14:19:11,590] {processor.py:170} INFO - Processing /home/airflow/.local/lib/python3.6/site-packages/airflow/example_dags/example_xcomargs.py took 0.185 seconds
[2022-07-27 14:19:42,570] {processor.py:162} INFO - Started process (PID=240) to work on /home/airflow/.local/lib/python3.6/site-packages/airflow/example_dags/example_xcomargs.py
[2022-07-27 14:19:42,571] {processor.py:613} INFO - Processing file /home/airflow/.local/lib/python3.6/site-packages/airflow/example_dags/example_xcomargs.py for tasks to queue
[2022-07-27 14:19:42,571] {logging_mixin.py:109} INFO - [2022-07-27 14:19:42,571] {dagbag.py:496} INFO - Filling up the DagBag from /home/airflow/.local/lib/python3.6/site-packages/airflow/example_dags/example_xcomargs.py
[2022-07-27 14:19:42,582] {processor.py:623} INFO - DAG(s) dict_keys(['example_xcom_args', 'example_xcom_args_with_operators']) retrieved from /home/airflow/.local/lib/python3.6/site-packages/airflow/example_dags/example_xcomargs.py
[2022-07-27 14:19:42,710] {logging_mixin.py:109} INFO - [2022-07-27 14:19:42,709] {dag.py:1833} INFO - Sync 2 DAGs
[2022-07-27 14:19:42,719] {logging_mixin.py:109} INFO - [2022-07-27 14:19:42,719] {dag.py:2306} INFO - Setting next_dagrun for example_xcom_args to None
[2022-07-27 14:19:42,719] {logging_mixin.py:109} INFO - [2022-07-27 14:19:42,719] {dag.py:2306} INFO - Setting next_dagrun for example_xcom_args_with_operators to None
[2022-07-27 14:19:42,726] {processor.py:170} INFO - Processing /home/airflow/.local/lib/python3.6/site-packages/airflow/example_dags/example_xcomargs.py took 0.158 seconds
