[2022-07-27 14:18:10,131] {processor.py:162} INFO - Started process (PID=42) to work on /home/airflow/.local/lib/python3.6/site-packages/airflow/example_dags/example_kubernetes_executor_config.py
[2022-07-27 14:18:10,132] {processor.py:613} INFO - Processing file /home/airflow/.local/lib/python3.6/site-packages/airflow/example_dags/example_kubernetes_executor_config.py for tasks to queue
[2022-07-27 14:18:10,132] {logging_mixin.py:109} INFO - [2022-07-27 14:18:10,132] {dagbag.py:496} INFO - Filling up the DagBag from /home/airflow/.local/lib/python3.6/site-packages/airflow/example_dags/example_kubernetes_executor_config.py
[2022-07-27 14:18:10,140] {processor.py:623} INFO - DAG(s) dict_keys(['example_kubernetes_executor_config']) retrieved from /home/airflow/.local/lib/python3.6/site-packages/airflow/example_dags/example_kubernetes_executor_config.py
[2022-07-27 14:18:10,156] {logging_mixin.py:109} INFO - [2022-07-27 14:18:10,155] {dag.py:1833} INFO - Sync 1 DAGs
[2022-07-27 14:18:10,168] {logging_mixin.py:109} INFO - [2022-07-27 14:18:10,168] {dag.py:2306} INFO - Setting next_dagrun for example_kubernetes_executor_config to None
[2022-07-27 14:18:10,177] {processor.py:170} INFO - Processing /home/airflow/.local/lib/python3.6/site-packages/airflow/example_dags/example_kubernetes_executor_config.py took 0.047 seconds
[2022-07-27 14:18:40,386] {processor.py:162} INFO - Started process (PID=104) to work on /home/airflow/.local/lib/python3.6/site-packages/airflow/example_dags/example_kubernetes_executor_config.py
[2022-07-27 14:18:40,387] {processor.py:613} INFO - Processing file /home/airflow/.local/lib/python3.6/site-packages/airflow/example_dags/example_kubernetes_executor_config.py for tasks to queue
[2022-07-27 14:18:40,388] {logging_mixin.py:109} INFO - [2022-07-27 14:18:40,388] {dagbag.py:496} INFO - Filling up the DagBag from /home/airflow/.local/lib/python3.6/site-packages/airflow/example_dags/example_kubernetes_executor_config.py
[2022-07-27 14:18:40,400] {processor.py:623} INFO - DAG(s) dict_keys(['example_kubernetes_executor_config']) retrieved from /home/airflow/.local/lib/python3.6/site-packages/airflow/example_dags/example_kubernetes_executor_config.py
[2022-07-27 14:18:40,419] {logging_mixin.py:109} INFO - [2022-07-27 14:18:40,419] {dag.py:1833} INFO - Sync 1 DAGs
[2022-07-27 14:18:40,429] {logging_mixin.py:109} INFO - [2022-07-27 14:18:40,429] {dag.py:2306} INFO - Setting next_dagrun for example_kubernetes_executor_config to None
[2022-07-27 14:18:40,436] {processor.py:170} INFO - Processing /home/airflow/.local/lib/python3.6/site-packages/airflow/example_dags/example_kubernetes_executor_config.py took 0.052 seconds
[2022-07-27 14:19:10,515] {processor.py:162} INFO - Started process (PID=156) to work on /home/airflow/.local/lib/python3.6/site-packages/airflow/example_dags/example_kubernetes_executor_config.py
[2022-07-27 14:19:10,516] {processor.py:613} INFO - Processing file /home/airflow/.local/lib/python3.6/site-packages/airflow/example_dags/example_kubernetes_executor_config.py for tasks to queue
[2022-07-27 14:19:10,516] {logging_mixin.py:109} INFO - [2022-07-27 14:19:10,516] {dagbag.py:496} INFO - Filling up the DagBag from /home/airflow/.local/lib/python3.6/site-packages/airflow/example_dags/example_kubernetes_executor_config.py
[2022-07-27 14:19:10,525] {processor.py:623} INFO - DAG(s) dict_keys(['example_kubernetes_executor_config']) retrieved from /home/airflow/.local/lib/python3.6/site-packages/airflow/example_dags/example_kubernetes_executor_config.py
[2022-07-27 14:19:10,541] {logging_mixin.py:109} INFO - [2022-07-27 14:19:10,541] {dag.py:1833} INFO - Sync 1 DAGs
[2022-07-27 14:19:10,552] {logging_mixin.py:109} INFO - [2022-07-27 14:19:10,552] {dag.py:2306} INFO - Setting next_dagrun for example_kubernetes_executor_config to None
[2022-07-27 14:19:10,559] {processor.py:170} INFO - Processing /home/airflow/.local/lib/python3.6/site-packages/airflow/example_dags/example_kubernetes_executor_config.py took 0.046 seconds
[2022-07-27 14:19:40,658] {processor.py:162} INFO - Started process (PID=217) to work on /home/airflow/.local/lib/python3.6/site-packages/airflow/example_dags/example_kubernetes_executor_config.py
[2022-07-27 14:19:40,659] {processor.py:613} INFO - Processing file /home/airflow/.local/lib/python3.6/site-packages/airflow/example_dags/example_kubernetes_executor_config.py for tasks to queue
[2022-07-27 14:19:40,659] {logging_mixin.py:109} INFO - [2022-07-27 14:19:40,659] {dagbag.py:496} INFO - Filling up the DagBag from /home/airflow/.local/lib/python3.6/site-packages/airflow/example_dags/example_kubernetes_executor_config.py
[2022-07-27 14:19:40,667] {processor.py:623} INFO - DAG(s) dict_keys(['example_kubernetes_executor_config']) retrieved from /home/airflow/.local/lib/python3.6/site-packages/airflow/example_dags/example_kubernetes_executor_config.py
[2022-07-27 14:19:40,680] {logging_mixin.py:109} INFO - [2022-07-27 14:19:40,680] {dag.py:1833} INFO - Sync 1 DAGs
[2022-07-27 14:19:40,689] {logging_mixin.py:109} INFO - [2022-07-27 14:19:40,689] {dag.py:2306} INFO - Setting next_dagrun for example_kubernetes_executor_config to None
[2022-07-27 14:19:40,696] {processor.py:170} INFO - Processing /home/airflow/.local/lib/python3.6/site-packages/airflow/example_dags/example_kubernetes_executor_config.py took 0.039 seconds
