[2022-07-27 14:18:10,184] {processor.py:162} INFO - Started process (PID=43) to work on /home/airflow/.local/lib/python3.6/site-packages/airflow/example_dags/tutorial_etl_dag.py
[2022-07-27 14:18:10,185] {processor.py:613} INFO - Processing file /home/airflow/.local/lib/python3.6/site-packages/airflow/example_dags/tutorial_etl_dag.py for tasks to queue
[2022-07-27 14:18:10,185] {logging_mixin.py:109} INFO - [2022-07-27 14:18:10,185] {dagbag.py:496} INFO - Filling up the DagBag from /home/airflow/.local/lib/python3.6/site-packages/airflow/example_dags/tutorial_etl_dag.py
[2022-07-27 14:18:10,192] {processor.py:623} INFO - DAG(s) dict_keys(['tutorial_etl_dag']) retrieved from /home/airflow/.local/lib/python3.6/site-packages/airflow/example_dags/tutorial_etl_dag.py
[2022-07-27 14:18:10,208] {logging_mixin.py:109} INFO - [2022-07-27 14:18:10,208] {dag.py:1833} INFO - Sync 1 DAGs
[2022-07-27 14:18:10,221] {logging_mixin.py:109} INFO - [2022-07-27 14:18:10,221] {dag.py:2306} INFO - Setting next_dagrun for tutorial_etl_dag to None
[2022-07-27 14:18:10,229] {processor.py:170} INFO - Processing /home/airflow/.local/lib/python3.6/site-packages/airflow/example_dags/tutorial_etl_dag.py took 0.046 seconds
[2022-07-27 14:18:40,445] {processor.py:162} INFO - Started process (PID=105) to work on /home/airflow/.local/lib/python3.6/site-packages/airflow/example_dags/tutorial_etl_dag.py
[2022-07-27 14:18:40,445] {processor.py:613} INFO - Processing file /home/airflow/.local/lib/python3.6/site-packages/airflow/example_dags/tutorial_etl_dag.py for tasks to queue
[2022-07-27 14:18:40,446] {logging_mixin.py:109} INFO - [2022-07-27 14:18:40,446] {dagbag.py:496} INFO - Filling up the DagBag from /home/airflow/.local/lib/python3.6/site-packages/airflow/example_dags/tutorial_etl_dag.py
[2022-07-27 14:18:40,453] {processor.py:623} INFO - DAG(s) dict_keys(['tutorial_etl_dag']) retrieved from /home/airflow/.local/lib/python3.6/site-packages/airflow/example_dags/tutorial_etl_dag.py
[2022-07-27 14:18:40,469] {logging_mixin.py:109} INFO - [2022-07-27 14:18:40,469] {dag.py:1833} INFO - Sync 1 DAGs
[2022-07-27 14:18:40,479] {logging_mixin.py:109} INFO - [2022-07-27 14:18:40,479] {dag.py:2306} INFO - Setting next_dagrun for tutorial_etl_dag to None
[2022-07-27 14:18:40,486] {processor.py:170} INFO - Processing /home/airflow/.local/lib/python3.6/site-packages/airflow/example_dags/tutorial_etl_dag.py took 0.044 seconds
[2022-07-27 14:19:10,568] {processor.py:162} INFO - Started process (PID=157) to work on /home/airflow/.local/lib/python3.6/site-packages/airflow/example_dags/tutorial_etl_dag.py
[2022-07-27 14:19:10,569] {processor.py:613} INFO - Processing file /home/airflow/.local/lib/python3.6/site-packages/airflow/example_dags/tutorial_etl_dag.py for tasks to queue
[2022-07-27 14:19:10,569] {logging_mixin.py:109} INFO - [2022-07-27 14:19:10,569] {dagbag.py:496} INFO - Filling up the DagBag from /home/airflow/.local/lib/python3.6/site-packages/airflow/example_dags/tutorial_etl_dag.py
[2022-07-27 14:19:10,576] {processor.py:623} INFO - DAG(s) dict_keys(['tutorial_etl_dag']) retrieved from /home/airflow/.local/lib/python3.6/site-packages/airflow/example_dags/tutorial_etl_dag.py
[2022-07-27 14:19:10,591] {logging_mixin.py:109} INFO - [2022-07-27 14:19:10,591] {dag.py:1833} INFO - Sync 1 DAGs
[2022-07-27 14:19:10,602] {logging_mixin.py:109} INFO - [2022-07-27 14:19:10,601] {dag.py:2306} INFO - Setting next_dagrun for tutorial_etl_dag to None
[2022-07-27 14:19:10,609] {processor.py:170} INFO - Processing /home/airflow/.local/lib/python3.6/site-packages/airflow/example_dags/tutorial_etl_dag.py took 0.043 seconds
[2022-07-27 14:19:40,703] {processor.py:162} INFO - Started process (PID=219) to work on /home/airflow/.local/lib/python3.6/site-packages/airflow/example_dags/tutorial_etl_dag.py
[2022-07-27 14:19:40,704] {processor.py:613} INFO - Processing file /home/airflow/.local/lib/python3.6/site-packages/airflow/example_dags/tutorial_etl_dag.py for tasks to queue
[2022-07-27 14:19:40,704] {logging_mixin.py:109} INFO - [2022-07-27 14:19:40,704] {dagbag.py:496} INFO - Filling up the DagBag from /home/airflow/.local/lib/python3.6/site-packages/airflow/example_dags/tutorial_etl_dag.py
[2022-07-27 14:19:40,711] {processor.py:623} INFO - DAG(s) dict_keys(['tutorial_etl_dag']) retrieved from /home/airflow/.local/lib/python3.6/site-packages/airflow/example_dags/tutorial_etl_dag.py
[2022-07-27 14:19:40,723] {logging_mixin.py:109} INFO - [2022-07-27 14:19:40,723] {dag.py:1833} INFO - Sync 1 DAGs
[2022-07-27 14:19:40,732] {logging_mixin.py:109} INFO - [2022-07-27 14:19:40,732] {dag.py:2306} INFO - Setting next_dagrun for tutorial_etl_dag to None
[2022-07-27 14:19:40,739] {processor.py:170} INFO - Processing /home/airflow/.local/lib/python3.6/site-packages/airflow/example_dags/tutorial_etl_dag.py took 0.038 seconds
