[2022-07-27 14:18:10,366] {processor.py:162} INFO - Started process (PID=47) to work on /home/airflow/.local/lib/python3.6/site-packages/airflow/example_dags/tutorial.py
[2022-07-27 14:18:10,367] {processor.py:613} INFO - Processing file /home/airflow/.local/lib/python3.6/site-packages/airflow/example_dags/tutorial.py for tasks to queue
[2022-07-27 14:18:10,368] {logging_mixin.py:109} INFO - [2022-07-27 14:18:10,368] {dagbag.py:496} INFO - Filling up the DagBag from /home/airflow/.local/lib/python3.6/site-packages/airflow/example_dags/tutorial.py
[2022-07-27 14:18:10,378] {processor.py:623} INFO - DAG(s) dict_keys(['tutorial']) retrieved from /home/airflow/.local/lib/python3.6/site-packages/airflow/example_dags/tutorial.py
[2022-07-27 14:18:10,398] {logging_mixin.py:109} INFO - [2022-07-27 14:18:10,398] {dag.py:1833} INFO - Sync 1 DAGs
[2022-07-27 14:18:10,412] {logging_mixin.py:109} INFO - [2022-07-27 14:18:10,411] {dag.py:2306} INFO - Setting next_dagrun for tutorial to 2022-07-25 00:00:00+00:00
[2022-07-27 14:18:10,424] {processor.py:170} INFO - Processing /home/airflow/.local/lib/python3.6/site-packages/airflow/example_dags/tutorial.py took 0.060 seconds
[2022-07-27 14:18:40,540] {processor.py:162} INFO - Started process (PID=109) to work on /home/airflow/.local/lib/python3.6/site-packages/airflow/example_dags/tutorial.py
[2022-07-27 14:18:40,541] {processor.py:613} INFO - Processing file /home/airflow/.local/lib/python3.6/site-packages/airflow/example_dags/tutorial.py for tasks to queue
[2022-07-27 14:18:40,541] {logging_mixin.py:109} INFO - [2022-07-27 14:18:40,541] {dagbag.py:496} INFO - Filling up the DagBag from /home/airflow/.local/lib/python3.6/site-packages/airflow/example_dags/tutorial.py
[2022-07-27 14:18:40,548] {processor.py:623} INFO - DAG(s) dict_keys(['tutorial']) retrieved from /home/airflow/.local/lib/python3.6/site-packages/airflow/example_dags/tutorial.py
[2022-07-27 14:18:40,562] {logging_mixin.py:109} INFO - [2022-07-27 14:18:40,562] {dag.py:1833} INFO - Sync 1 DAGs
[2022-07-27 14:18:40,572] {logging_mixin.py:109} INFO - [2022-07-27 14:18:40,572] {dag.py:2306} INFO - Setting next_dagrun for tutorial to 2022-07-25 00:00:00+00:00
[2022-07-27 14:18:40,578] {processor.py:170} INFO - Processing /home/airflow/.local/lib/python3.6/site-packages/airflow/example_dags/tutorial.py took 0.040 seconds
[2022-07-27 14:19:10,674] {processor.py:162} INFO - Started process (PID=160) to work on /home/airflow/.local/lib/python3.6/site-packages/airflow/example_dags/tutorial.py
[2022-07-27 14:19:10,675] {processor.py:613} INFO - Processing file /home/airflow/.local/lib/python3.6/site-packages/airflow/example_dags/tutorial.py for tasks to queue
[2022-07-27 14:19:10,676] {logging_mixin.py:109} INFO - [2022-07-27 14:19:10,676] {dagbag.py:496} INFO - Filling up the DagBag from /home/airflow/.local/lib/python3.6/site-packages/airflow/example_dags/tutorial.py
[2022-07-27 14:19:10,683] {processor.py:623} INFO - DAG(s) dict_keys(['tutorial']) retrieved from /home/airflow/.local/lib/python3.6/site-packages/airflow/example_dags/tutorial.py
[2022-07-27 14:19:10,698] {logging_mixin.py:109} INFO - [2022-07-27 14:19:10,697] {dag.py:1833} INFO - Sync 1 DAGs
[2022-07-27 14:19:10,708] {logging_mixin.py:109} INFO - [2022-07-27 14:19:10,708] {dag.py:2306} INFO - Setting next_dagrun for tutorial to 2022-07-25 00:00:00+00:00
[2022-07-27 14:19:10,715] {processor.py:170} INFO - Processing /home/airflow/.local/lib/python3.6/site-packages/airflow/example_dags/tutorial.py took 0.042 seconds
[2022-07-27 14:19:40,832] {processor.py:162} INFO - Started process (PID=222) to work on /home/airflow/.local/lib/python3.6/site-packages/airflow/example_dags/tutorial.py
[2022-07-27 14:19:40,833] {processor.py:613} INFO - Processing file /home/airflow/.local/lib/python3.6/site-packages/airflow/example_dags/tutorial.py for tasks to queue
[2022-07-27 14:19:40,833] {logging_mixin.py:109} INFO - [2022-07-27 14:19:40,833] {dagbag.py:496} INFO - Filling up the DagBag from /home/airflow/.local/lib/python3.6/site-packages/airflow/example_dags/tutorial.py
[2022-07-27 14:19:40,840] {processor.py:623} INFO - DAG(s) dict_keys(['tutorial']) retrieved from /home/airflow/.local/lib/python3.6/site-packages/airflow/example_dags/tutorial.py
[2022-07-27 14:19:40,853] {logging_mixin.py:109} INFO - [2022-07-27 14:19:40,853] {dag.py:1833} INFO - Sync 1 DAGs
[2022-07-27 14:19:40,862] {logging_mixin.py:109} INFO - [2022-07-27 14:19:40,862] {dag.py:2306} INFO - Setting next_dagrun for tutorial to 2022-07-25 00:00:00+00:00
[2022-07-27 14:19:40,869] {processor.py:170} INFO - Processing /home/airflow/.local/lib/python3.6/site-packages/airflow/example_dags/tutorial.py took 0.038 seconds
